"2019-08-25 08:34:11,757 - hetero_secureboosting_tree_host.py[line:105] - INFO: begin to train secureboosting guest model"
"2019-08-25 08:34:12,499 - hetero_secureboosting_tree_host.py[line:59] - INFO: convert feature to bins"
"2019-08-25 08:34:12,993 - hetero_secureboosting_tree_host.py[line:105] - INFO: begin to train secureboosting guest model"
"2019-08-25 08:34:13,610 - hetero_secureboosting_tree_host.py[line:59] - INFO: convert feature to bins"
"2019-08-25 08:34:17,080 - hetero_secureboosting_tree_host.py[line:90] - INFO: sync tree dim from guest"
"2019-08-25 08:34:17,081 - hetero_secureboosting_tree_host.py[line:94] - INFO: tree dim is 7"
"2019-08-25 08:34:17,082 - hetero_secureboosting_tree_host.py[line:66] - INFO: sample valid features"
"2019-08-25 08:34:17,082 - hetero_secureboosting_tree_host.py[line:86] - INFO: generate encrypter"
"2019-08-25 08:34:17,839 - hetero_secureboosting_tree_host.py[line:90] - INFO: sync tree dim from guest"
"2019-08-25 08:34:17,840 - hetero_secureboosting_tree_host.py[line:94] - INFO: tree dim is 7"
"2019-08-25 08:34:17,840 - hetero_secureboosting_tree_host.py[line:66] - INFO: sample valid features"
"2019-08-25 08:34:17,841 - hetero_secureboosting_tree_host.py[line:86] - INFO: generate encrypter"
"2019-08-25 08:35:53,035 - hetero_secureboosting_tree_host.py[line:66] - INFO: sample valid features"
"2019-08-25 08:35:53,036 - hetero_secureboosting_tree_host.py[line:86] - INFO: generate encrypter"
"2019-08-25 08:35:53,067 - hetero_secureboosting_tree_host.py[line:66] - INFO: sample valid features"
"2019-08-25 08:35:53,067 - hetero_secureboosting_tree_host.py[line:86] - INFO: generate encrypter"
"2019-08-25 08:37:32,688 - hetero_secureboosting_tree_host.py[line:66] - INFO: sample valid features"
"2019-08-25 08:37:32,688 - hetero_secureboosting_tree_host.py[line:86] - INFO: generate encrypter"
"2019-08-25 08:37:32,748 - hetero_secureboosting_tree_host.py[line:66] - INFO: sample valid features"
"2019-08-25 08:37:32,748 - hetero_secureboosting_tree_host.py[line:86] - INFO: generate encrypter"
"2019-08-25 08:39:14,481 - hetero_secureboosting_tree_host.py[line:66] - INFO: sample valid features"
"2019-08-25 08:39:14,481 - hetero_secureboosting_tree_host.py[line:86] - INFO: generate encrypter"
"2019-08-25 08:39:14,579 - hetero_secureboosting_tree_host.py[line:66] - INFO: sample valid features"
"2019-08-25 08:39:14,579 - hetero_secureboosting_tree_host.py[line:86] - INFO: generate encrypter"
"2019-08-25 08:40:56,874 - hetero_secureboosting_tree_host.py[line:66] - INFO: sample valid features"
"2019-08-25 08:40:56,874 - hetero_secureboosting_tree_host.py[line:86] - INFO: generate encrypter"
"2019-08-25 08:40:56,972 - hetero_secureboosting_tree_host.py[line:66] - INFO: sample valid features"
"2019-08-25 08:40:56,972 - hetero_secureboosting_tree_host.py[line:86] - INFO: generate encrypter"
"2019-08-25 08:42:39,138 - hetero_secureboosting_tree_host.py[line:66] - INFO: sample valid features"
"2019-08-25 08:42:39,138 - hetero_secureboosting_tree_host.py[line:86] - INFO: generate encrypter"
"2019-08-25 08:42:39,146 - hetero_secureboosting_tree_host.py[line:66] - INFO: sample valid features"
"2019-08-25 08:42:39,147 - hetero_secureboosting_tree_host.py[line:86] - INFO: generate encrypter"
"2019-08-25 08:44:20,460 - hetero_secureboosting_tree_host.py[line:66] - INFO: sample valid features"
"2019-08-25 08:44:20,460 - hetero_secureboosting_tree_host.py[line:86] - INFO: generate encrypter"
"2019-08-25 08:44:20,938 - hetero_secureboosting_tree_host.py[line:66] - INFO: sample valid features"
"2019-08-25 08:44:20,939 - hetero_secureboosting_tree_host.py[line:86] - INFO: generate encrypter"
"2019-08-25 08:46:02,510 - hetero_secureboosting_tree_host.py[line:137] - INFO: end to train secureboosting guest model"
"2019-08-25 08:46:02,511 - hetero_secureboosting_tree_host.py[line:192] - INFO: save model"
"2019-08-25 08:46:02,600 - hetero_secureboosting_tree_host.py[line:137] - INFO: end to train secureboosting guest model"
"2019-08-25 08:46:02,600 - hetero_secureboosting_tree_host.py[line:192] - INFO: save model"
"2019-08-25 08:46:02,999 - hetero_secureboosting_tree_host.py[line:140] - INFO: start predict"
"2019-08-25 08:46:03,310 - hetero_secureboosting_tree_host.py[line:140] - INFO: start predict"
"2019-08-25 08:46:03,940 - hetero_secureboosting_tree_host.py[line:86] - INFO: generate encrypter"
"2019-08-25 08:46:04,257 - hetero_secureboosting_tree_host.py[line:86] - INFO: generate encrypter"
"2019-08-25 08:46:16,565 - hetero_secureboosting_tree_host.py[line:86] - INFO: generate encrypter"
"2019-08-25 08:46:16,574 - hetero_secureboosting_tree_host.py[line:86] - INFO: generate encrypter"
"2019-08-25 08:46:25,368 - hetero_secureboosting_tree_host.py[line:86] - INFO: generate encrypter"
"2019-08-25 08:46:25,465 - hetero_secureboosting_tree_host.py[line:86] - INFO: generate encrypter"
"2019-08-25 08:46:34,935 - hetero_secureboosting_tree_host.py[line:86] - INFO: generate encrypter"
"2019-08-25 08:46:35,059 - hetero_secureboosting_tree_host.py[line:86] - INFO: generate encrypter"
"2019-08-25 08:46:44,541 - hetero_secureboosting_tree_host.py[line:86] - INFO: generate encrypter"
"2019-08-25 08:46:44,641 - hetero_secureboosting_tree_host.py[line:86] - INFO: generate encrypter"
"2019-08-25 08:46:58,195 - hetero_secureboosting_tree_host.py[line:86] - INFO: generate encrypter"
"2019-08-25 08:46:58,290 - hetero_secureboosting_tree_host.py[line:86] - INFO: generate encrypter"
"2019-08-25 08:47:05,210 - hetero_secureboosting_tree_host.py[line:86] - INFO: generate encrypter"
"2019-08-25 08:47:05,263 - hetero_secureboosting_tree_host.py[line:86] - INFO: generate encrypter"
"2019-08-25 08:47:12,424 - hetero_secureboosting_tree_host.py[line:154] - INFO: end predict"
"2019-08-25 08:47:12,425 - hetero_secureboosting_tree_host.py[line:79] - INFO: set flowid, flowid is 1"
"2019-08-25 08:47:12,425 - hetero_secureboosting_tree_host.py[line:140] - INFO: start predict"
"2019-08-25 08:47:12,453 - hetero_secureboosting_tree_host.py[line:154] - INFO: end predict"
"2019-08-25 08:47:12,453 - hetero_secureboosting_tree_host.py[line:79] - INFO: set flowid, flowid is 1"
"2019-08-25 08:47:12,453 - hetero_secureboosting_tree_host.py[line:140] - INFO: start predict"
"2019-08-25 08:47:13,285 - hetero_secureboosting_tree_host.py[line:86] - INFO: generate encrypter"
"2019-08-25 08:47:13,350 - hetero_secureboosting_tree_host.py[line:86] - INFO: generate encrypter"
"2019-08-25 08:47:26,106 - hetero_secureboosting_tree_host.py[line:86] - INFO: generate encrypter"
"2019-08-25 08:47:26,186 - hetero_secureboosting_tree_host.py[line:86] - INFO: generate encrypter"
"2019-08-25 08:47:35,671 - hetero_secureboosting_tree_host.py[line:86] - INFO: generate encrypter"
"2019-08-25 08:47:35,727 - hetero_secureboosting_tree_host.py[line:86] - INFO: generate encrypter"
"2019-08-25 08:47:45,274 - hetero_secureboosting_tree_host.py[line:86] - INFO: generate encrypter"
"2019-08-25 08:47:45,406 - hetero_secureboosting_tree_host.py[line:86] - INFO: generate encrypter"
"2019-08-25 08:47:55,236 - hetero_secureboosting_tree_host.py[line:86] - INFO: generate encrypter"
"2019-08-25 08:47:55,378 - hetero_secureboosting_tree_host.py[line:86] - INFO: generate encrypter"
"2019-08-25 08:48:07,835 - hetero_secureboosting_tree_host.py[line:86] - INFO: generate encrypter"
"2019-08-25 08:48:07,965 - hetero_secureboosting_tree_host.py[line:86] - INFO: generate encrypter"
"2019-08-25 08:48:15,409 - hetero_secureboosting_tree_host.py[line:86] - INFO: generate encrypter"
"2019-08-25 08:48:15,478 - hetero_secureboosting_tree_host.py[line:86] - INFO: generate encrypter"
"2019-08-25 08:48:22,071 - hetero_secureboosting_tree_host.py[line:154] - INFO: end predict"
"2019-08-25 08:48:22,083 - hetero_secureboosting_tree_host.py[line:154] - INFO: end predict"
"2019-08-25 09:07:50,609 - hetero_secureboosting_tree_host.py[line:208] - INFO: load model"
"2019-08-25 09:07:50,610 - hetero_secureboosting_tree_host.py[line:140] - INFO: start predict"
"2019-08-25 09:07:51,227 - hetero_secureboosting_tree_host.py[line:86] - INFO: generate encrypter"
"2019-08-25 09:07:52,326 - hetero_secureboosting_tree_host.py[line:208] - INFO: load model"
"2019-08-25 09:07:52,330 - hetero_secureboosting_tree_host.py[line:140] - INFO: start predict"
"2019-08-25 09:07:52,792 - hetero_secureboosting_tree_host.py[line:86] - INFO: generate encrypter"
"2019-08-25 09:07:53,372 - hetero_secureboosting_tree_host.py[line:86] - INFO: generate encrypter"
"2019-08-25 09:07:54,997 - hetero_secureboosting_tree_host.py[line:86] - INFO: generate encrypter"
"2019-08-25 09:07:56,571 - hetero_secureboosting_tree_host.py[line:86] - INFO: generate encrypter"
"2019-08-25 09:07:56,572 - hetero_secureboosting_tree_host.py[line:86] - INFO: generate encrypter"
"2019-08-25 09:07:58,517 - hetero_secureboosting_tree_host.py[line:86] - INFO: generate encrypter"
"2019-08-25 09:07:59,488 - hetero_secureboosting_tree_host.py[line:86] - INFO: generate encrypter"
"2019-08-25 09:08:00,821 - hetero_secureboosting_tree_host.py[line:86] - INFO: generate encrypter"
"2019-08-25 09:08:02,130 - hetero_secureboosting_tree_host.py[line:86] - INFO: generate encrypter"
"2019-08-25 09:08:02,414 - hetero_secureboosting_tree_host.py[line:86] - INFO: generate encrypter"
"2019-08-25 09:08:03,399 - hetero_secureboosting_tree_host.py[line:154] - INFO: end predict"
"2019-08-25 09:08:04,885 - hetero_secureboosting_tree_host.py[line:86] - INFO: generate encrypter"
"2019-08-25 09:08:08,387 - hetero_secureboosting_tree_host.py[line:86] - INFO: generate encrypter"
"2019-08-25 09:08:10,570 - hetero_secureboosting_tree_host.py[line:86] - INFO: generate encrypter"
"2019-08-25 09:08:12,061 - hetero_secureboosting_tree_host.py[line:154] - INFO: end predict"
