"2019-08-25 08:34:03,372 - hetero_secureboosting_tree_guest.py[line:286] - INFO: begin to train secureboosting guest model"
"2019-08-25 08:34:03,729 - hetero_secureboosting_tree_guest.py[line:125] - INFO: convert feature to bins"
"2019-08-25 08:34:06,654 - hetero_secureboosting_tree_guest.py[line:130] - INFO: convert feature to bins over"
"2019-08-25 08:34:06,655 - hetero_secureboosting_tree_guest.py[line:133] - INFO: set label from data and check label"
"2019-08-25 08:34:07,204 - hetero_secureboosting_tree_guest.py[line:149] - INFO: check label"
"2019-08-25 08:34:08,210 - hetero_secureboosting_tree_guest.py[line:97] - INFO: set objective, objective is cross_entropy"
"2019-08-25 08:34:08,210 - hetero_secureboosting_tree_guest.py[line:200] - INFO: update tree f value, tree idx is -1"
"2019-08-25 08:34:08,801 - hetero_secureboosting_tree_guest.py[line:178] - INFO: generate encrypter"
"2019-08-25 08:34:08,829 - hetero_secureboosting_tree_guest.py[line:270] - INFO: sync tree dim to host"
"2019-08-25 08:34:09,451 - hetero_secureboosting_tree_guest.py[line:215] - INFO: compute grad and hess"
"2019-08-25 08:34:10,584 - hetero_secureboosting_tree_guest.py[line:244] - INFO: get grad and hess of tree 0"
"2019-08-25 08:34:11,457 - hetero_secureboosting_tree_guest.py[line:257] - INFO: sample valid features"
"2019-08-25 08:34:11,458 - hetero_secureboosting_tree_guest.py[line:145] - INFO: generate flowid"
"2019-08-25 08:35:53,049 - hetero_secureboosting_tree_guest.py[line:200] - INFO: update tree f value, tree idx is 0"
"2019-08-25 08:35:53,608 - hetero_secureboosting_tree_guest.py[line:244] - INFO: get grad and hess of tree 1"
"2019-08-25 08:35:54,141 - hetero_secureboosting_tree_guest.py[line:257] - INFO: sample valid features"
"2019-08-25 08:35:54,142 - hetero_secureboosting_tree_guest.py[line:145] - INFO: generate flowid"
"2019-08-25 08:37:32,748 - hetero_secureboosting_tree_guest.py[line:200] - INFO: update tree f value, tree idx is 1"
"2019-08-25 08:37:33,227 - hetero_secureboosting_tree_guest.py[line:244] - INFO: get grad and hess of tree 2"
"2019-08-25 08:37:33,737 - hetero_secureboosting_tree_guest.py[line:257] - INFO: sample valid features"
"2019-08-25 08:37:33,738 - hetero_secureboosting_tree_guest.py[line:145] - INFO: generate flowid"
"2019-08-25 08:39:14,556 - hetero_secureboosting_tree_guest.py[line:200] - INFO: update tree f value, tree idx is 2"
"2019-08-25 08:39:15,040 - hetero_secureboosting_tree_guest.py[line:244] - INFO: get grad and hess of tree 3"
"2019-08-25 08:39:15,541 - hetero_secureboosting_tree_guest.py[line:257] - INFO: sample valid features"
"2019-08-25 08:39:15,541 - hetero_secureboosting_tree_guest.py[line:145] - INFO: generate flowid"
"2019-08-25 08:40:56,910 - hetero_secureboosting_tree_guest.py[line:200] - INFO: update tree f value, tree idx is 3"
"2019-08-25 08:40:57,395 - hetero_secureboosting_tree_guest.py[line:244] - INFO: get grad and hess of tree 4"
"2019-08-25 08:40:57,887 - hetero_secureboosting_tree_guest.py[line:257] - INFO: sample valid features"
"2019-08-25 08:40:57,888 - hetero_secureboosting_tree_guest.py[line:145] - INFO: generate flowid"
"2019-08-25 08:42:39,146 - hetero_secureboosting_tree_guest.py[line:200] - INFO: update tree f value, tree idx is 4"
"2019-08-25 08:42:39,706 - hetero_secureboosting_tree_guest.py[line:244] - INFO: get grad and hess of tree 5"
"2019-08-25 08:42:40,276 - hetero_secureboosting_tree_guest.py[line:257] - INFO: sample valid features"
"2019-08-25 08:42:40,277 - hetero_secureboosting_tree_guest.py[line:145] - INFO: generate flowid"
"2019-08-25 08:44:20,864 - hetero_secureboosting_tree_guest.py[line:200] - INFO: update tree f value, tree idx is 5"
"2019-08-25 08:44:21,359 - hetero_secureboosting_tree_guest.py[line:244] - INFO: get grad and hess of tree 6"
"2019-08-25 08:44:22,074 - hetero_secureboosting_tree_guest.py[line:257] - INFO: sample valid features"
"2019-08-25 08:44:22,074 - hetero_secureboosting_tree_guest.py[line:145] - INFO: generate flowid"
"2019-08-25 08:46:02,559 - hetero_secureboosting_tree_guest.py[line:200] - INFO: update tree f value, tree idx is 6"
"2019-08-25 08:46:03,348 - hetero_secureboosting_tree_guest.py[line:227] - INFO: compute loss"
"2019-08-25 08:46:05,421 - hetero_secureboosting_tree_guest.py[line:323] - INFO: round 0 loss is 1.905954130077999"
"2019-08-25 08:46:05,421 - hetero_secureboosting_tree_guest.py[line:332] - INFO: end to train secureboosting guest model"
"2019-08-25 08:46:05,421 - hetero_secureboosting_tree_guest.py[line:460] - INFO: save model"
"2019-08-25 08:46:05,575 - hetero_secureboosting_tree_guest.py[line:351] - INFO: start predict"
"2019-08-25 08:46:06,085 - hetero_secureboosting_tree_guest.py[line:335] - INFO: predict tree f value, there are 7 trees"
"2019-08-25 08:46:06,556 - hetero_secureboosting_tree_guest.py[line:145] - INFO: generate flowid"
"2019-08-25 08:46:16,560 - hetero_secureboosting_tree_guest.py[line:200] - INFO: update tree f value, tree idx is 0"
"2019-08-25 08:46:17,082 - hetero_secureboosting_tree_guest.py[line:145] - INFO: generate flowid"
"2019-08-25 08:46:25,437 - hetero_secureboosting_tree_guest.py[line:200] - INFO: update tree f value, tree idx is 1"
"2019-08-25 08:46:26,017 - hetero_secureboosting_tree_guest.py[line:145] - INFO: generate flowid"
"2019-08-25 08:46:35,018 - hetero_secureboosting_tree_guest.py[line:200] - INFO: update tree f value, tree idx is 2"
"2019-08-25 08:46:35,521 - hetero_secureboosting_tree_guest.py[line:145] - INFO: generate flowid"
"2019-08-25 08:46:44,573 - hetero_secureboosting_tree_guest.py[line:200] - INFO: update tree f value, tree idx is 3"
"2019-08-25 08:46:45,128 - hetero_secureboosting_tree_guest.py[line:145] - INFO: generate flowid"
"2019-08-25 08:46:58,266 - hetero_secureboosting_tree_guest.py[line:200] - INFO: update tree f value, tree idx is 4"
"2019-08-25 08:46:58,824 - hetero_secureboosting_tree_guest.py[line:145] - INFO: generate flowid"
"2019-08-25 08:47:05,221 - hetero_secureboosting_tree_guest.py[line:200] - INFO: update tree f value, tree idx is 5"
"2019-08-25 08:47:05,697 - hetero_secureboosting_tree_guest.py[line:145] - INFO: generate flowid"
"2019-08-25 08:47:12,465 - hetero_secureboosting_tree_guest.py[line:200] - INFO: update tree f value, tree idx is 6"
"2019-08-25 08:47:15,584 - hetero_secureboosting_tree_guest.py[line:385] - INFO: end predict"
"2019-08-25 08:47:15,729 - hetero_secureboosting_tree_guest.py[line:492] - INFO: evaluate data"
"2019-08-25 08:47:15,744 - hetero_secureboosting_tree_guest.py[line:138] - INFO: set flowid, flowid is 1"
"2019-08-25 08:47:15,744 - hetero_secureboosting_tree_guest.py[line:351] - INFO: start predict"
"2019-08-25 08:47:16,178 - hetero_secureboosting_tree_guest.py[line:335] - INFO: predict tree f value, there are 7 trees"
"2019-08-25 08:47:16,643 - hetero_secureboosting_tree_guest.py[line:145] - INFO: generate flowid"
"2019-08-25 08:47:26,107 - hetero_secureboosting_tree_guest.py[line:200] - INFO: update tree f value, tree idx is 0"
"2019-08-25 08:47:26,626 - hetero_secureboosting_tree_guest.py[line:145] - INFO: generate flowid"
"2019-08-25 08:47:35,705 - hetero_secureboosting_tree_guest.py[line:200] - INFO: update tree f value, tree idx is 1"
"2019-08-25 08:47:36,245 - hetero_secureboosting_tree_guest.py[line:145] - INFO: generate flowid"
"2019-08-25 08:47:45,331 - hetero_secureboosting_tree_guest.py[line:200] - INFO: update tree f value, tree idx is 2"
"2019-08-25 08:47:45,839 - hetero_secureboosting_tree_guest.py[line:145] - INFO: generate flowid"
"2019-08-25 08:47:55,287 - hetero_secureboosting_tree_guest.py[line:200] - INFO: update tree f value, tree idx is 3"
"2019-08-25 08:47:55,799 - hetero_secureboosting_tree_guest.py[line:145] - INFO: generate flowid"
"2019-08-25 08:48:07,902 - hetero_secureboosting_tree_guest.py[line:200] - INFO: update tree f value, tree idx is 4"
"2019-08-25 08:48:08,370 - hetero_secureboosting_tree_guest.py[line:145] - INFO: generate flowid"
"2019-08-25 08:48:15,406 - hetero_secureboosting_tree_guest.py[line:200] - INFO: update tree f value, tree idx is 5"
"2019-08-25 08:48:15,883 - hetero_secureboosting_tree_guest.py[line:145] - INFO: generate flowid"
"2019-08-25 08:48:22,096 - hetero_secureboosting_tree_guest.py[line:200] - INFO: update tree f value, tree idx is 6"
"2019-08-25 08:48:25,392 - hetero_secureboosting_tree_guest.py[line:385] - INFO: end predict"
"2019-08-25 08:48:25,539 - hetero_secureboosting_tree_guest.py[line:492] - INFO: evaluate data"
"2019-08-25 09:07:45,063 - hetero_secureboosting_tree_guest.py[line:476] - INFO: load model"
"2019-08-25 09:07:45,064 - hetero_secureboosting_tree_guest.py[line:97] - INFO: set objective, objective is cross_entropy"
"2019-08-25 09:07:45,067 - hetero_secureboosting_tree_guest.py[line:351] - INFO: start predict"
"2019-08-25 09:07:45,493 - hetero_secureboosting_tree_guest.py[line:335] - INFO: predict tree f value, there are 7 trees"
"2019-08-25 09:07:46,027 - hetero_secureboosting_tree_guest.py[line:145] - INFO: generate flowid"
"2019-08-25 09:07:56,102 - hetero_secureboosting_tree_guest.py[line:200] - INFO: update tree f value, tree idx is 0"
"2019-08-25 09:07:56,769 - hetero_secureboosting_tree_guest.py[line:145] - INFO: generate flowid"
"2019-08-25 09:08:09,359 - hetero_secureboosting_tree_guest.py[line:200] - INFO: update tree f value, tree idx is 1"
"2019-08-25 09:08:10,287 - hetero_secureboosting_tree_guest.py[line:145] - INFO: generate flowid"
"2019-08-25 09:08:20,448 - hetero_secureboosting_tree_guest.py[line:200] - INFO: update tree f value, tree idx is 2"
"2019-08-25 09:08:20,925 - hetero_secureboosting_tree_guest.py[line:145] - INFO: generate flowid"
"2019-08-25 09:08:31,011 - hetero_secureboosting_tree_guest.py[line:200] - INFO: update tree f value, tree idx is 3"
"2019-08-25 09:08:31,483 - hetero_secureboosting_tree_guest.py[line:145] - INFO: generate flowid"
"2019-08-25 09:08:44,872 - hetero_secureboosting_tree_guest.py[line:200] - INFO: update tree f value, tree idx is 4"
"2019-08-25 09:08:45,336 - hetero_secureboosting_tree_guest.py[line:145] - INFO: generate flowid"
"2019-08-25 09:08:52,301 - hetero_secureboosting_tree_guest.py[line:200] - INFO: update tree f value, tree idx is 5"
"2019-08-25 09:08:52,878 - hetero_secureboosting_tree_guest.py[line:145] - INFO: generate flowid"
"2019-08-25 09:08:59,291 - hetero_secureboosting_tree_guest.py[line:200] - INFO: update tree f value, tree idx is 6"
"2019-08-25 09:09:02,229 - hetero_secureboosting_tree_guest.py[line:385] - INFO: end predict"
"2019-08-25 09:09:03,746 - hetero_secureboosting_tree_guest.py[line:492] - INFO: evaluate data"
