"2019-08-25 08:33:59,222 - workflow.py[line:830] - DEBUG: The job id is third_task24"
"2019-08-25 08:33:59,222 - workflow.py[line:832] - DEBUG: Finish eggroll and federation init"
"2019-08-25 08:33:59,223 - workflow.py[line:783] - DEBUG: finish init pipeline"
"2019-08-25 08:33:59,223 - workflow.py[line:843] - DEBUG: In running function, enter train method"
"2019-08-25 08:33:59,223 - workflow.py[line:848] - DEBUG: Input table:input_guest_train2, input namesapce: example_data_namespace"
"2019-08-25 08:33:59,223 - workflow.py[line:758] - DEBUG: mode is fit"
"2019-08-25 08:34:01,482 - workflow.py[line:852] - DEBUG: gen_data_finish"
"2019-08-25 08:34:01,482 - workflow.py[line:855] - DEBUG: Input table:input_guest_predict2, input namesapce: example_data_namespace"
"2019-08-25 08:34:01,483 - workflow.py[line:758] - DEBUG: mode is transform"
"2019-08-25 08:34:03,372 - workflow.py[line:146] - DEBUG: Enter train function"
"2019-08-25 08:34:03,372 - workflow.py[line:147] - DEBUG: Star intersection before train"
"2019-08-25 08:34:03,372 - workflow.py[line:321] - INFO: need_intersect: false!"
"2019-08-25 08:34:03,372 - workflow.py[line:150] - DEBUG: End intersection before train"
"2019-08-25 08:34:03,372 - workflow.py[line:493] - INFO: need_sample: false!"
"2019-08-25 08:34:03,372 - workflow.py[line:407] - INFO: No need to do feature selection"
"2019-08-25 08:34:03,372 - workflow.py[line:441] - INFO: No need to do feature selection"
"2019-08-25 08:34:03,372 - workflow.py[line:721] - DEBUG: workflow param need_scale is False"
"2019-08-25 08:34:03,372 - workflow.py[line:467] - INFO: No need to do one-hot encode"
"2019-08-25 08:34:03,372 - workflow.py[line:488] - INFO: No need to do one-hot encode"
"2019-08-25 08:34:04,438 - workflow.py[line:830] - DEBUG: The job id is third_task24"
"2019-08-25 08:34:04,439 - workflow.py[line:832] - DEBUG: Finish eggroll and federation init"
"2019-08-25 08:34:04,439 - workflow.py[line:783] - DEBUG: finish init pipeline"
"2019-08-25 08:34:04,439 - workflow.py[line:843] - DEBUG: In running function, enter train method"
"2019-08-25 08:34:04,439 - workflow.py[line:848] - DEBUG: Input table:input_host1_train1, input namesapce: example_data_namespace"
"2019-08-25 08:34:04,439 - workflow.py[line:758] - DEBUG: mode is fit"
"2019-08-25 08:34:04,444 - workflow.py[line:830] - DEBUG: The job id is third_task24"
"2019-08-25 08:34:04,444 - workflow.py[line:832] - DEBUG: Finish eggroll and federation init"
"2019-08-25 08:34:04,445 - workflow.py[line:783] - DEBUG: finish init pipeline"
"2019-08-25 08:34:04,445 - workflow.py[line:843] - DEBUG: In running function, enter train method"
"2019-08-25 08:34:04,445 - workflow.py[line:848] - DEBUG: Input table:input_host0_train1, input namesapce: example_data_namespace"
"2019-08-25 08:34:04,445 - workflow.py[line:758] - DEBUG: mode is fit"
"2019-08-25 08:34:08,918 - workflow.py[line:852] - DEBUG: gen_data_finish"
"2019-08-25 08:34:08,919 - workflow.py[line:855] - DEBUG: Input table:input_host1_predict1, input namesapce: example_data_namespace"
"2019-08-25 08:34:08,919 - workflow.py[line:758] - DEBUG: mode is transform"
"2019-08-25 08:34:09,469 - workflow.py[line:852] - DEBUG: gen_data_finish"
"2019-08-25 08:34:09,469 - workflow.py[line:855] - DEBUG: Input table:input_host0_predict1, input namesapce: example_data_namespace"
"2019-08-25 08:34:09,469 - workflow.py[line:758] - DEBUG: mode is transform"
"2019-08-25 08:34:11,756 - workflow.py[line:146] - DEBUG: Enter train function"
"2019-08-25 08:34:11,756 - workflow.py[line:147] - DEBUG: Star intersection before train"
"2019-08-25 08:34:11,756 - workflow.py[line:321] - INFO: need_intersect: false!"
"2019-08-25 08:34:11,756 - workflow.py[line:150] - DEBUG: End intersection before train"
"2019-08-25 08:34:11,756 - workflow.py[line:493] - INFO: need_sample: false!"
"2019-08-25 08:34:11,757 - workflow.py[line:407] - INFO: No need to do feature selection"
"2019-08-25 08:34:11,757 - workflow.py[line:441] - INFO: No need to do feature selection"
"2019-08-25 08:34:11,757 - workflow.py[line:721] - DEBUG: workflow param need_scale is False"
"2019-08-25 08:34:11,757 - workflow.py[line:467] - INFO: No need to do one-hot encode"
"2019-08-25 08:34:11,757 - workflow.py[line:488] - INFO: No need to do one-hot encode"
"2019-08-25 08:34:12,993 - workflow.py[line:146] - DEBUG: Enter train function"
"2019-08-25 08:34:12,993 - workflow.py[line:147] - DEBUG: Star intersection before train"
"2019-08-25 08:34:12,993 - workflow.py[line:321] - INFO: need_intersect: false!"
"2019-08-25 08:34:12,993 - workflow.py[line:150] - DEBUG: End intersection before train"
"2019-08-25 08:34:12,993 - workflow.py[line:493] - INFO: need_sample: false!"
"2019-08-25 08:34:12,993 - workflow.py[line:407] - INFO: No need to do feature selection"
"2019-08-25 08:34:12,993 - workflow.py[line:441] - INFO: No need to do feature selection"
"2019-08-25 08:34:12,993 - workflow.py[line:721] - DEBUG: workflow param need_scale is False"
"2019-08-25 08:34:12,993 - workflow.py[line:467] - INFO: No need to do one-hot encode"
"2019-08-25 08:34:12,993 - workflow.py[line:488] - INFO: No need to do one-hot encode"
"2019-08-25 08:46:02,511 - workflow.py[line:675] - DEBUG: save model, model table: boostingtree_model_host2, model namespace: boostingtree_model_namespace0"
"2019-08-25 08:46:02,600 - workflow.py[line:675] - DEBUG: save model, model table: boostingtree_model_host3, model namespace: boostingtree_model_namespace1"
"2019-08-25 08:46:02,999 - workflow.py[line:171] - DEBUG: finish saving, self role: host"
"2019-08-25 08:46:02,999 - workflow.py[line:175] - DEBUG: predicting..."
"2019-08-25 08:46:03,309 - workflow.py[line:171] - DEBUG: finish saving, self role: host"
"2019-08-25 08:46:03,310 - workflow.py[line:175] - DEBUG: predicting..."
"2019-08-25 08:46:05,421 - workflow.py[line:675] - DEBUG: save model, model table: boostingtree_model_guest_multi, model namespace: boostingtree_model_namespace"
"2019-08-25 08:46:05,575 - workflow.py[line:171] - DEBUG: finish saving, self role: guest"
"2019-08-25 08:46:05,575 - workflow.py[line:175] - DEBUG: predicting..."
"2019-08-25 08:47:12,424 - workflow.py[line:179] - DEBUG: evaluating..."
"2019-08-25 08:47:12,425 - workflow.py[line:185] - DEBUG: Star intersection before predict"
"2019-08-25 08:47:12,425 - workflow.py[line:321] - INFO: need_intersect: false!"
"2019-08-25 08:47:12,425 - workflow.py[line:188] - DEBUG: End intersection before predict"
"2019-08-25 08:47:12,425 - workflow.py[line:721] - DEBUG: workflow param need_scale is False"
"2019-08-25 08:47:12,453 - workflow.py[line:179] - DEBUG: evaluating..."
"2019-08-25 08:47:12,453 - workflow.py[line:185] - DEBUG: Star intersection before predict"
"2019-08-25 08:47:12,453 - workflow.py[line:321] - INFO: need_intersect: false!"
"2019-08-25 08:47:12,453 - workflow.py[line:188] - DEBUG: End intersection before predict"
"2019-08-25 08:47:12,453 - workflow.py[line:721] - DEBUG: workflow param need_scale is False"
"2019-08-25 08:47:15,584 - workflow.py[line:179] - DEBUG: evaluating..."
"2019-08-25 08:47:15,744 - workflow.py[line:185] - DEBUG: Star intersection before predict"
"2019-08-25 08:47:15,744 - workflow.py[line:321] - INFO: need_intersect: false!"
"2019-08-25 08:47:15,744 - workflow.py[line:188] - DEBUG: End intersection before predict"
"2019-08-25 08:47:15,744 - workflow.py[line:721] - DEBUG: workflow param need_scale is False"
"2019-08-25 08:48:22,071 - workflow.py[line:196] - INFO: host eval_result: {'train_evaluate': None, 'validate_evaluate': None}"
"2019-08-25 08:48:22,083 - workflow.py[line:196] - INFO: host eval_result: {'train_evaluate': None, 'validate_evaluate': None}"
"2019-08-25 08:48:25,553 - workflow.py[line:196] - INFO: guest eval_result: {'train_evaluate': {'accuracy': 0.3018}, 'validate_evaluate': {'accuracy': 0.3018}}"
"2019-08-25 09:07:43,109 - workflow.py[line:830] - DEBUG: The job id is third_task24"
"2019-08-25 09:07:43,110 - workflow.py[line:832] - DEBUG: Finish eggroll and federation init"
"2019-08-25 09:07:43,110 - workflow.py[line:783] - DEBUG: finish init pipeline"
"2019-08-25 09:07:43,110 - workflow.py[line:758] - DEBUG: mode is transform"
"2019-08-25 09:07:45,066 - workflow.py[line:255] - DEBUG: Start intersection before predict"
"2019-08-25 09:07:45,066 - workflow.py[line:321] - INFO: need_intersect: false!"
"2019-08-25 09:07:45,066 - workflow.py[line:258] - DEBUG: End intersection before predict"
"2019-08-25 09:07:45,066 - workflow.py[line:441] - INFO: No need to do feature selection"
"2019-08-25 09:07:45,066 - workflow.py[line:721] - DEBUG: workflow param need_scale is False"
"2019-08-25 09:07:45,066 - workflow.py[line:488] - INFO: No need to do one-hot encode"
"2019-08-25 09:07:48,175 - workflow.py[line:830] - DEBUG: The job id is third_task24"
"2019-08-25 09:07:48,176 - workflow.py[line:832] - DEBUG: Finish eggroll and federation init"
"2019-08-25 09:07:48,176 - workflow.py[line:783] - DEBUG: finish init pipeline"
"2019-08-25 09:07:48,176 - workflow.py[line:758] - DEBUG: mode is transform"
"2019-08-25 09:07:48,226 - workflow.py[line:830] - DEBUG: The job id is third_task24"
"2019-08-25 09:07:48,226 - workflow.py[line:832] - DEBUG: Finish eggroll and federation init"
"2019-08-25 09:07:48,226 - workflow.py[line:783] - DEBUG: finish init pipeline"
"2019-08-25 09:07:48,227 - workflow.py[line:758] - DEBUG: mode is transform"
"2019-08-25 09:07:50,610 - workflow.py[line:255] - DEBUG: Start intersection before predict"
"2019-08-25 09:07:50,610 - workflow.py[line:321] - INFO: need_intersect: false!"
"2019-08-25 09:07:50,610 - workflow.py[line:258] - DEBUG: End intersection before predict"
"2019-08-25 09:07:50,610 - workflow.py[line:441] - INFO: No need to do feature selection"
"2019-08-25 09:07:50,610 - workflow.py[line:721] - DEBUG: workflow param need_scale is False"
"2019-08-25 09:07:50,610 - workflow.py[line:488] - INFO: No need to do one-hot encode"
"2019-08-25 09:07:52,329 - workflow.py[line:255] - DEBUG: Start intersection before predict"
"2019-08-25 09:07:52,329 - workflow.py[line:321] - INFO: need_intersect: false!"
"2019-08-25 09:07:52,329 - workflow.py[line:258] - DEBUG: End intersection before predict"
"2019-08-25 09:07:52,329 - workflow.py[line:441] - INFO: No need to do feature selection"
"2019-08-25 09:07:52,329 - workflow.py[line:721] - DEBUG: workflow param need_scale is False"
"2019-08-25 09:07:52,329 - workflow.py[line:488] - INFO: No need to do one-hot encode"
"2019-08-25 09:09:03,809 - workflow.py[line:273] - INFO: eval_result: {'accuracy': 0.0}"
"2019-08-25 09:09:03,854 - workflow.py[line:283] - DEBUG: predict result: storage_type: IN_MEMORY, namespace: third_task24, name: ebe97346-c6d4-11e9-b0d5-708bcd58c836, partitions: 10, in_place_computing: False"
