"2019-08-24 20:10:14,920 - hetero_secureboosting_tree_guest.py[line:286] - INFO: begin to train secureboosting guest model"
"2019-08-24 20:10:15,284 - hetero_secureboosting_tree_guest.py[line:125] - INFO: convert feature to bins"
"2019-08-24 20:10:17,913 - hetero_secureboosting_tree_guest.py[line:130] - INFO: convert feature to bins over"
"2019-08-24 20:10:17,913 - hetero_secureboosting_tree_guest.py[line:133] - INFO: set label from data and check label"
"2019-08-24 20:10:18,531 - hetero_secureboosting_tree_guest.py[line:149] - INFO: check label"
"2019-08-24 20:10:19,380 - hetero_secureboosting_tree_guest.py[line:97] - INFO: set objective, objective is cross_entropy"
"2019-08-24 20:10:19,380 - hetero_secureboosting_tree_guest.py[line:200] - INFO: update tree f value, tree idx is -1"
"2019-08-24 20:10:19,380 - hetero_secureboosting_tree_guest.py[line:205] - INFO: tree_dim is 1"
"2019-08-24 20:10:19,942 - hetero_secureboosting_tree_guest.py[line:178] - INFO: generate encrypter"
"2019-08-24 20:10:19,971 - hetero_secureboosting_tree_guest.py[line:270] - INFO: sync tree dim to host"
"2019-08-24 20:10:20,693 - hetero_secureboosting_tree_guest.py[line:215] - INFO: compute grad and hess"
"2019-08-24 20:10:21,672 - hetero_secureboosting_tree_guest.py[line:244] - INFO: get grad and hess of tree 0"
"2019-08-24 20:10:22,611 - hetero_secureboosting_tree_guest.py[line:257] - INFO: sample valid features"
"2019-08-24 20:10:22,611 - hetero_secureboosting_tree_guest.py[line:145] - INFO: generate flowid"
"2019-08-24 20:12:03,279 - hetero_secureboosting_tree_guest.py[line:200] - INFO: update tree f value, tree idx is 0"
"2019-08-24 20:12:04,061 - hetero_secureboosting_tree_guest.py[line:227] - INFO: compute loss"
"2019-08-24 20:12:05,755 - hetero_secureboosting_tree_guest.py[line:323] - INFO: round 0 loss is [0.62113466]"
"2019-08-24 20:12:05,755 - hetero_secureboosting_tree_guest.py[line:332] - INFO: end to train secureboosting guest model"
"2019-08-24 20:12:05,755 - hetero_secureboosting_tree_guest.py[line:460] - INFO: save model"
"2019-08-24 20:12:05,856 - hetero_secureboosting_tree_guest.py[line:351] - INFO: start predict"
"2019-08-24 20:12:06,479 - hetero_secureboosting_tree_guest.py[line:335] - INFO: predict tree f value, there are 1 trees"
"2019-08-24 20:12:06,987 - hetero_secureboosting_tree_guest.py[line:145] - INFO: generate flowid"
"2019-08-24 20:12:19,348 - hetero_secureboosting_tree_guest.py[line:200] - INFO: update tree f value, tree idx is 0"
"2019-08-24 20:12:22,521 - hetero_secureboosting_tree_guest.py[line:385] - INFO: end predict"
"2019-08-24 20:12:22,703 - hetero_secureboosting_tree_guest.py[line:492] - INFO: evaluate data"
"2019-08-24 20:12:22,762 - hetero_secureboosting_tree_guest.py[line:138] - INFO: set flowid, flowid is 1"
"2019-08-24 20:12:22,763 - hetero_secureboosting_tree_guest.py[line:351] - INFO: start predict"
"2019-08-24 20:12:23,180 - hetero_secureboosting_tree_guest.py[line:335] - INFO: predict tree f value, there are 1 trees"
"2019-08-24 20:12:23,756 - hetero_secureboosting_tree_guest.py[line:145] - INFO: generate flowid"
"2019-08-24 20:12:35,792 - hetero_secureboosting_tree_guest.py[line:200] - INFO: update tree f value, tree idx is 0"
"2019-08-24 20:12:38,391 - hetero_secureboosting_tree_guest.py[line:385] - INFO: end predict"
"2019-08-24 20:12:38,576 - hetero_secureboosting_tree_guest.py[line:492] - INFO: evaluate data"
"2019-08-24 21:31:38,983 - hetero_secureboosting_tree_guest.py[line:476] - INFO: load model"
"2019-08-24 21:31:38,985 - hetero_secureboosting_tree_guest.py[line:97] - INFO: set objective, objective is cross_entropy"
"2019-08-24 21:31:38,986 - hetero_secureboosting_tree_guest.py[line:351] - INFO: start predict"
"2019-08-24 21:31:39,432 - hetero_secureboosting_tree_guest.py[line:335] - INFO: predict tree f value, there are 1 trees"
"2019-08-24 21:31:39,935 - hetero_secureboosting_tree_guest.py[line:145] - INFO: generate flowid"
"2019-08-24 21:31:51,599 - hetero_secureboosting_tree_guest.py[line:200] - INFO: update tree f value, tree idx is 0"
"2019-08-24 21:31:54,351 - hetero_secureboosting_tree_guest.py[line:385] - INFO: end predict"
"2019-08-24 21:31:55,780 - hetero_secureboosting_tree_guest.py[line:492] - INFO: evaluate data"
"2019-08-24 22:50:18,443 - hetero_secureboosting_tree_guest.py[line:476] - INFO: load model"
"2019-08-24 22:50:18,445 - hetero_secureboosting_tree_guest.py[line:97] - INFO: set objective, objective is cross_entropy"
"2019-08-24 22:50:18,446 - hetero_secureboosting_tree_guest.py[line:351] - INFO: start predict"
"2019-08-24 22:50:18,922 - hetero_secureboosting_tree_guest.py[line:335] - INFO: predict tree f value, there are 1 trees"
"2019-08-24 22:50:19,349 - hetero_secureboosting_tree_guest.py[line:145] - INFO: generate flowid"
"2019-08-24 22:50:30,944 - hetero_secureboosting_tree_guest.py[line:200] - INFO: update tree f value, tree idx is 0"
"2019-08-24 22:50:33,453 - hetero_secureboosting_tree_guest.py[line:385] - INFO: end predict"
"2019-08-24 22:50:34,943 - hetero_secureboosting_tree_guest.py[line:492] - INFO: evaluate data"
"2019-08-25 00:49:05,409 - hetero_secureboosting_tree_guest.py[line:476] - INFO: load model"
"2019-08-25 00:49:05,411 - hetero_secureboosting_tree_guest.py[line:97] - INFO: set objective, objective is cross_entropy"
"2019-08-25 00:49:05,413 - hetero_secureboosting_tree_guest.py[line:351] - INFO: start predict"
"2019-08-25 00:49:05,896 - hetero_secureboosting_tree_guest.py[line:335] - INFO: predict tree f value, there are 1 trees"
"2019-08-25 00:49:06,357 - hetero_secureboosting_tree_guest.py[line:145] - INFO: generate flowid"
"2019-08-25 00:49:18,159 - hetero_secureboosting_tree_guest.py[line:200] - INFO: update tree f value, tree idx is 0"
"2019-08-25 00:49:20,824 - hetero_secureboosting_tree_guest.py[line:385] - INFO: end predict"
"2019-08-25 00:49:22,246 - hetero_secureboosting_tree_guest.py[line:492] - INFO: evaluate data"
"2019-08-25 00:51:36,183 - hetero_secureboosting_tree_guest.py[line:476] - INFO: load model"
"2019-08-25 00:51:36,184 - hetero_secureboosting_tree_guest.py[line:97] - INFO: set objective, objective is cross_entropy"
"2019-08-25 00:51:36,186 - hetero_secureboosting_tree_guest.py[line:351] - INFO: start predict"
"2019-08-25 00:51:36,626 - hetero_secureboosting_tree_guest.py[line:335] - INFO: predict tree f value, there are 1 trees"
"2019-08-25 00:51:37,098 - hetero_secureboosting_tree_guest.py[line:145] - INFO: generate flowid"
"2019-08-25 00:51:48,395 - hetero_secureboosting_tree_guest.py[line:200] - INFO: update tree f value, tree idx is 0"
"2019-08-25 00:51:50,996 - hetero_secureboosting_tree_guest.py[line:385] - INFO: end predict"
"2019-08-25 00:51:52,422 - hetero_secureboosting_tree_guest.py[line:492] - INFO: evaluate data"
"2019-08-25 00:55:58,182 - hetero_secureboosting_tree_guest.py[line:476] - INFO: load model"
"2019-08-25 00:55:58,183 - hetero_secureboosting_tree_guest.py[line:97] - INFO: set objective, objective is cross_entropy"
"2019-08-25 00:55:58,184 - hetero_secureboosting_tree_guest.py[line:351] - INFO: start predict"
"2019-08-25 00:55:58,665 - hetero_secureboosting_tree_guest.py[line:335] - INFO: predict tree f value, there are 1 trees"
"2019-08-25 00:55:59,131 - hetero_secureboosting_tree_guest.py[line:145] - INFO: generate flowid"
"2019-08-25 00:56:10,553 - hetero_secureboosting_tree_guest.py[line:200] - INFO: update tree f value, tree idx is 0"
"2019-08-25 00:56:13,189 - hetero_secureboosting_tree_guest.py[line:385] - INFO: end predict"
"2019-08-25 00:56:14,317 - hetero_secureboosting_tree_guest.py[line:492] - INFO: evaluate data"
"2019-08-25 00:59:27,888 - hetero_secureboosting_tree_guest.py[line:476] - INFO: load model"
"2019-08-25 00:59:27,890 - hetero_secureboosting_tree_guest.py[line:97] - INFO: set objective, objective is cross_entropy"
"2019-08-25 00:59:27,891 - hetero_secureboosting_tree_guest.py[line:351] - INFO: start predict"
"2019-08-25 00:59:28,363 - hetero_secureboosting_tree_guest.py[line:335] - INFO: predict tree f value, there are 1 trees"
"2019-08-25 00:59:28,865 - hetero_secureboosting_tree_guest.py[line:145] - INFO: generate flowid"
"2019-08-25 00:59:40,051 - hetero_secureboosting_tree_guest.py[line:200] - INFO: update tree f value, tree idx is 0"
"2019-08-25 00:59:42,783 - hetero_secureboosting_tree_guest.py[line:385] - INFO: end predict"
"2019-08-25 00:59:43,895 - hetero_secureboosting_tree_guest.py[line:492] - INFO: evaluate data"
"2019-08-25 01:12:33,746 - hetero_secureboosting_tree_guest.py[line:476] - INFO: load model"
"2019-08-25 01:12:33,746 - hetero_secureboosting_tree_guest.py[line:97] - INFO: set objective, objective is cross_entropy"
"2019-08-25 01:12:33,748 - hetero_secureboosting_tree_guest.py[line:351] - INFO: start predict"
"2019-08-25 01:12:34,193 - hetero_secureboosting_tree_guest.py[line:335] - INFO: predict tree f value, there are 1 trees"
"2019-08-25 01:12:34,684 - hetero_secureboosting_tree_guest.py[line:145] - INFO: generate flowid"
"2019-08-25 01:12:45,893 - hetero_secureboosting_tree_guest.py[line:200] - INFO: update tree f value, tree idx is 0"
"2019-08-25 01:12:48,574 - hetero_secureboosting_tree_guest.py[line:385] - INFO: end predict"
"2019-08-25 01:12:49,719 - hetero_secureboosting_tree_guest.py[line:492] - INFO: evaluate data"
