"2019-08-24 20:10:28,408 - hetero_decision_tree_host.py[line:47] - INFO: hetero decision tree guest init!"
"2019-08-24 20:10:28,408 - hetero_decision_tree_host.py[line:82] - INFO: set input info"
"2019-08-24 20:10:28,408 - hetero_decision_tree_host.py[line:73] - INFO: set flowid, flowid is 0.0.0"
"2019-08-24 20:10:28,408 - hetero_decision_tree_host.py[line:79] - INFO: runtime idx is 1, sitename is host.1"
"2019-08-24 20:10:28,408 - hetero_decision_tree_host.py[line:89] - INFO: set valid features"
"2019-08-24 20:10:28,408 - hetero_decision_tree_host.py[line:307] - INFO: begin to fit host decision tree"
"2019-08-24 20:10:28,408 - hetero_decision_tree_host.py[line:116] - INFO: get encrypted grad and hess"
"2019-08-24 20:10:28,861 - hetero_decision_tree_host.py[line:47] - INFO: hetero decision tree guest init!"
"2019-08-24 20:10:28,861 - hetero_decision_tree_host.py[line:82] - INFO: set input info"
"2019-08-24 20:10:28,861 - hetero_decision_tree_host.py[line:73] - INFO: set flowid, flowid is 0.0.0"
"2019-08-24 20:10:28,861 - hetero_decision_tree_host.py[line:79] - INFO: runtime idx is 0, sitename is host.0"
"2019-08-24 20:10:28,861 - hetero_decision_tree_host.py[line:89] - INFO: set valid features"
"2019-08-24 20:10:28,861 - hetero_decision_tree_host.py[line:307] - INFO: begin to fit host decision tree"
"2019-08-24 20:10:28,861 - hetero_decision_tree_host.py[line:116] - INFO: get encrypted grad and hess"
"2019-08-24 20:10:49,108 - hetero_decision_tree_host.py[line:131] - INFO: get tree node queue of depth 0"
"2019-08-24 20:10:49,157 - hetero_decision_tree_host.py[line:131] - INFO: get tree node queue of depth 0"
"2019-08-24 20:10:49,614 - hetero_decision_tree_host.py[line:123] - INFO: get tree node queue of depth 0"
"2019-08-24 20:10:49,663 - hetero_decision_tree_host.py[line:123] - INFO: get tree node queue of depth 0"
"2019-08-24 20:10:50,706 - hetero_decision_tree_host.py[line:138] - INFO: start to get node histograms"
"2019-08-24 20:10:50,722 - hetero_decision_tree_host.py[line:138] - INFO: start to get node histograms"
"2019-08-24 20:10:58,017 - hetero_decision_tree_host.py[line:144] - INFO: begin to accumulate histograms"
"2019-08-24 20:10:58,021 - hetero_decision_tree_host.py[line:146] - INFO: acc histogram shape is 1"
"2019-08-24 20:10:58,244 - hetero_decision_tree_host.py[line:150] - INFO: send encrypted splitinfo of depth 0, batch 0"
"2019-08-24 20:10:58,350 - hetero_decision_tree_host.py[line:159] - INFO: get federated best splitinfo of depth 0, batch 0"
"2019-08-24 20:10:58,694 - hetero_decision_tree_host.py[line:144] - INFO: begin to accumulate histograms"
"2019-08-24 20:10:58,697 - hetero_decision_tree_host.py[line:146] - INFO: acc histogram shape is 1"
"2019-08-24 20:10:58,925 - hetero_decision_tree_host.py[line:150] - INFO: send encrypted splitinfo of depth 0, batch 0"
"2019-08-24 20:10:59,042 - hetero_decision_tree_host.py[line:159] - INFO: get federated best splitinfo of depth 0, batch 0"
"2019-08-24 20:10:59,552 - hetero_decision_tree_host.py[line:168] - INFO: send host final splitinfo of depth 0, batch 0"
"2019-08-24 20:10:59,725 - hetero_decision_tree_host.py[line:192] - INFO: get node from host to dispath, depth is 0"
"2019-08-24 20:11:00,062 - hetero_decision_tree_host.py[line:168] - INFO: send host final splitinfo of depth 0, batch 0"
"2019-08-24 20:11:00,167 - hetero_decision_tree_host.py[line:192] - INFO: get node from host to dispath, depth is 0"
"2019-08-24 20:11:01,233 - hetero_decision_tree_host.py[line:223] - INFO: start to find host dispath of depth 0"
"2019-08-24 20:11:01,277 - hetero_decision_tree_host.py[line:223] - INFO: start to find host dispath of depth 0"
"2019-08-24 20:11:01,725 - hetero_decision_tree_host.py[line:215] - INFO: send host dispatch result, depth is 0"
"2019-08-24 20:11:01,725 - hetero_decision_tree_host.py[line:215] - INFO: send host dispatch result, depth is 0"
"2019-08-24 20:11:01,820 - hetero_decision_tree_host.py[line:131] - INFO: get tree node queue of depth 1"
"2019-08-24 20:11:01,820 - hetero_decision_tree_host.py[line:131] - INFO: get tree node queue of depth 1"
"2019-08-24 20:11:02,531 - hetero_decision_tree_host.py[line:123] - INFO: get tree node queue of depth 1"
"2019-08-24 20:11:02,631 - hetero_decision_tree_host.py[line:123] - INFO: get tree node queue of depth 1"
"2019-08-24 20:11:03,525 - hetero_decision_tree_host.py[line:138] - INFO: start to get node histograms"
"2019-08-24 20:11:03,525 - hetero_decision_tree_host.py[line:138] - INFO: start to get node histograms"
"2019-08-24 20:11:10,956 - hetero_decision_tree_host.py[line:144] - INFO: begin to accumulate histograms"
"2019-08-24 20:11:10,964 - hetero_decision_tree_host.py[line:146] - INFO: acc histogram shape is 2"
"2019-08-24 20:11:11,307 - hetero_decision_tree_host.py[line:150] - INFO: send encrypted splitinfo of depth 1, batch 0"
"2019-08-24 20:11:11,428 - hetero_decision_tree_host.py[line:159] - INFO: get federated best splitinfo of depth 1, batch 0"
"2019-08-24 20:11:12,098 - hetero_decision_tree_host.py[line:144] - INFO: begin to accumulate histograms"
"2019-08-24 20:11:12,103 - hetero_decision_tree_host.py[line:146] - INFO: acc histogram shape is 2"
"2019-08-24 20:11:12,465 - hetero_decision_tree_host.py[line:150] - INFO: send encrypted splitinfo of depth 1, batch 0"
"2019-08-24 20:11:12,562 - hetero_decision_tree_host.py[line:159] - INFO: get federated best splitinfo of depth 1, batch 0"
"2019-08-24 20:11:13,168 - hetero_decision_tree_host.py[line:168] - INFO: send host final splitinfo of depth 1, batch 0"
"2019-08-24 20:11:13,304 - hetero_decision_tree_host.py[line:192] - INFO: get node from host to dispath, depth is 1"
"2019-08-24 20:11:13,739 - hetero_decision_tree_host.py[line:168] - INFO: send host final splitinfo of depth 1, batch 0"
"2019-08-24 20:11:13,836 - hetero_decision_tree_host.py[line:192] - INFO: get node from host to dispath, depth is 1"
"2019-08-24 20:11:15,215 - hetero_decision_tree_host.py[line:223] - INFO: start to find host dispath of depth 1"
"2019-08-24 20:11:15,246 - hetero_decision_tree_host.py[line:223] - INFO: start to find host dispath of depth 1"
"2019-08-24 20:11:15,825 - hetero_decision_tree_host.py[line:215] - INFO: send host dispatch result, depth is 1"
"2019-08-24 20:11:15,836 - hetero_decision_tree_host.py[line:215] - INFO: send host dispatch result, depth is 1"
"2019-08-24 20:11:15,868 - hetero_decision_tree_host.py[line:131] - INFO: get tree node queue of depth 2"
"2019-08-24 20:11:16,049 - hetero_decision_tree_host.py[line:131] - INFO: get tree node queue of depth 2"
"2019-08-24 20:11:16,979 - hetero_decision_tree_host.py[line:123] - INFO: get tree node queue of depth 2"
"2019-08-24 20:11:17,065 - hetero_decision_tree_host.py[line:123] - INFO: get tree node queue of depth 2"
"2019-08-24 20:11:17,845 - hetero_decision_tree_host.py[line:138] - INFO: start to get node histograms"
"2019-08-24 20:11:17,845 - hetero_decision_tree_host.py[line:138] - INFO: start to get node histograms"
"2019-08-24 20:11:25,326 - hetero_decision_tree_host.py[line:144] - INFO: begin to accumulate histograms"
"2019-08-24 20:11:25,341 - hetero_decision_tree_host.py[line:146] - INFO: acc histogram shape is 4"
"2019-08-24 20:11:25,740 - hetero_decision_tree_host.py[line:150] - INFO: send encrypted splitinfo of depth 2, batch 0"
"2019-08-24 20:11:25,895 - hetero_decision_tree_host.py[line:159] - INFO: get federated best splitinfo of depth 2, batch 0"
"2019-08-24 20:11:26,057 - hetero_decision_tree_host.py[line:144] - INFO: begin to accumulate histograms"
"2019-08-24 20:11:26,067 - hetero_decision_tree_host.py[line:146] - INFO: acc histogram shape is 4"
"2019-08-24 20:11:26,628 - hetero_decision_tree_host.py[line:150] - INFO: send encrypted splitinfo of depth 2, batch 0"
"2019-08-24 20:11:26,756 - hetero_decision_tree_host.py[line:159] - INFO: get federated best splitinfo of depth 2, batch 0"
"2019-08-24 20:11:27,360 - hetero_decision_tree_host.py[line:168] - INFO: send host final splitinfo of depth 2, batch 0"
"2019-08-24 20:11:27,531 - hetero_decision_tree_host.py[line:192] - INFO: get node from host to dispath, depth is 2"
"2019-08-24 20:11:28,007 - hetero_decision_tree_host.py[line:168] - INFO: send host final splitinfo of depth 2, batch 0"
"2019-08-24 20:11:28,106 - hetero_decision_tree_host.py[line:192] - INFO: get node from host to dispath, depth is 2"
"2019-08-24 20:11:29,543 - hetero_decision_tree_host.py[line:223] - INFO: start to find host dispath of depth 2"
"2019-08-24 20:11:29,617 - hetero_decision_tree_host.py[line:223] - INFO: start to find host dispath of depth 2"
"2019-08-24 20:11:30,129 - hetero_decision_tree_host.py[line:215] - INFO: send host dispatch result, depth is 2"
"2019-08-24 20:11:30,129 - hetero_decision_tree_host.py[line:215] - INFO: send host dispatch result, depth is 2"
"2019-08-24 20:11:30,149 - hetero_decision_tree_host.py[line:131] - INFO: get tree node queue of depth 3"
"2019-08-24 20:11:30,156 - hetero_decision_tree_host.py[line:131] - INFO: get tree node queue of depth 3"
"2019-08-24 20:11:30,964 - hetero_decision_tree_host.py[line:123] - INFO: get tree node queue of depth 3"
"2019-08-24 20:11:31,057 - hetero_decision_tree_host.py[line:123] - INFO: get tree node queue of depth 3"
"2019-08-24 20:11:32,146 - hetero_decision_tree_host.py[line:138] - INFO: start to get node histograms"
"2019-08-24 20:11:32,187 - hetero_decision_tree_host.py[line:138] - INFO: start to get node histograms"
"2019-08-24 20:11:39,716 - hetero_decision_tree_host.py[line:144] - INFO: begin to accumulate histograms"
"2019-08-24 20:11:39,743 - hetero_decision_tree_host.py[line:146] - INFO: acc histogram shape is 8"
"2019-08-24 20:11:40,401 - hetero_decision_tree_host.py[line:150] - INFO: send encrypted splitinfo of depth 3, batch 0"
"2019-08-24 20:11:40,508 - hetero_decision_tree_host.py[line:159] - INFO: get federated best splitinfo of depth 3, batch 0"
"2019-08-24 20:11:40,585 - hetero_decision_tree_host.py[line:144] - INFO: begin to accumulate histograms"
"2019-08-24 20:11:40,605 - hetero_decision_tree_host.py[line:146] - INFO: acc histogram shape is 8"
"2019-08-24 20:11:41,222 - hetero_decision_tree_host.py[line:150] - INFO: send encrypted splitinfo of depth 3, batch 0"
"2019-08-24 20:11:41,333 - hetero_decision_tree_host.py[line:159] - INFO: get federated best splitinfo of depth 3, batch 0"
"2019-08-24 20:11:42,340 - hetero_decision_tree_host.py[line:168] - INFO: send host final splitinfo of depth 3, batch 0"
"2019-08-24 20:11:42,494 - hetero_decision_tree_host.py[line:192] - INFO: get node from host to dispath, depth is 3"
"2019-08-24 20:11:43,322 - hetero_decision_tree_host.py[line:168] - INFO: send host final splitinfo of depth 3, batch 0"
"2019-08-24 20:11:43,399 - hetero_decision_tree_host.py[line:192] - INFO: get node from host to dispath, depth is 3"
"2019-08-24 20:11:45,008 - hetero_decision_tree_host.py[line:223] - INFO: start to find host dispath of depth 3"
"2019-08-24 20:11:45,009 - hetero_decision_tree_host.py[line:223] - INFO: start to find host dispath of depth 3"
"2019-08-24 20:11:45,517 - hetero_decision_tree_host.py[line:215] - INFO: send host dispatch result, depth is 3"
"2019-08-24 20:11:45,517 - hetero_decision_tree_host.py[line:215] - INFO: send host dispatch result, depth is 3"
"2019-08-24 20:11:45,542 - hetero_decision_tree_host.py[line:131] - INFO: get tree node queue of depth 4"
"2019-08-24 20:11:45,567 - hetero_decision_tree_host.py[line:131] - INFO: get tree node queue of depth 4"
"2019-08-24 20:11:46,474 - hetero_decision_tree_host.py[line:123] - INFO: get tree node queue of depth 4"
"2019-08-24 20:11:46,550 - hetero_decision_tree_host.py[line:123] - INFO: get tree node queue of depth 4"
"2019-08-24 20:11:47,874 - hetero_decision_tree_host.py[line:138] - INFO: start to get node histograms"
"2019-08-24 20:11:47,928 - hetero_decision_tree_host.py[line:138] - INFO: start to get node histograms"
"2019-08-24 20:11:55,422 - hetero_decision_tree_host.py[line:144] - INFO: begin to accumulate histograms"
"2019-08-24 20:11:55,473 - hetero_decision_tree_host.py[line:146] - INFO: acc histogram shape is 16"
"2019-08-24 20:11:55,848 - hetero_decision_tree_host.py[line:144] - INFO: begin to accumulate histograms"
"2019-08-24 20:11:55,887 - hetero_decision_tree_host.py[line:146] - INFO: acc histogram shape is 16"
"2019-08-24 20:11:56,550 - hetero_decision_tree_host.py[line:150] - INFO: send encrypted splitinfo of depth 4, batch 0"
"2019-08-24 20:11:56,799 - hetero_decision_tree_host.py[line:159] - INFO: get federated best splitinfo of depth 4, batch 0"
"2019-08-24 20:11:57,142 - hetero_decision_tree_host.py[line:150] - INFO: send encrypted splitinfo of depth 4, batch 0"
"2019-08-24 20:11:57,227 - hetero_decision_tree_host.py[line:159] - INFO: get federated best splitinfo of depth 4, batch 0"
"2019-08-24 20:11:58,636 - hetero_decision_tree_host.py[line:168] - INFO: send host final splitinfo of depth 4, batch 0"
"2019-08-24 20:11:58,775 - hetero_decision_tree_host.py[line:192] - INFO: get node from host to dispath, depth is 4"
"2019-08-24 20:11:59,815 - hetero_decision_tree_host.py[line:168] - INFO: send host final splitinfo of depth 4, batch 0"
"2019-08-24 20:11:59,919 - hetero_decision_tree_host.py[line:192] - INFO: get node from host to dispath, depth is 4"
"2019-08-24 20:12:02,193 - hetero_decision_tree_host.py[line:223] - INFO: start to find host dispath of depth 4"
"2019-08-24 20:12:02,234 - hetero_decision_tree_host.py[line:223] - INFO: start to find host dispath of depth 4"
"2019-08-24 20:12:02,246 - hetero_decision_tree_host.py[line:215] - INFO: send host dispatch result, depth is 4"
"2019-08-24 20:12:02,278 - hetero_decision_tree_host.py[line:233] - INFO: sync tree from guest"
"2019-08-24 20:12:02,318 - hetero_decision_tree_host.py[line:215] - INFO: send host dispatch result, depth is 4"
"2019-08-24 20:12:02,336 - hetero_decision_tree_host.py[line:233] - INFO: sync tree from guest"
"2019-08-24 20:12:03,287 - hetero_decision_tree_host.py[line:245] - INFO: convert tree node bins to real value"
"2019-08-24 20:12:03,288 - hetero_decision_tree_host.py[line:239] - INFO: remove duplicated nodes from split mask dict"
"2019-08-24 20:12:03,288 - hetero_decision_tree_host.py[line:345] - INFO: end to fit guest decision tree"
"2019-08-24 20:12:03,343 - hetero_decision_tree_host.py[line:245] - INFO: convert tree node bins to real value"
"2019-08-24 20:12:03,343 - hetero_decision_tree_host.py[line:239] - INFO: remove duplicated nodes from split mask dict"
"2019-08-24 20:12:03,343 - hetero_decision_tree_host.py[line:345] - INFO: end to fit guest decision tree"
"2019-08-24 20:12:04,665 - hetero_decision_tree_host.py[line:47] - INFO: hetero decision tree guest init!"
"2019-08-24 20:12:04,665 - hetero_decision_tree_host.py[line:425] - INFO: load tree model"
"2019-08-24 20:12:04,665 - hetero_decision_tree_host.py[line:73] - INFO: set flowid, flowid is 0.0.0"
"2019-08-24 20:12:04,666 - hetero_decision_tree_host.py[line:79] - INFO: runtime idx is 0, sitename is host.0"
"2019-08-24 20:12:04,666 - hetero_decision_tree_host.py[line:348] - INFO: start to predict!"
"2019-08-24 20:12:04,666 - hetero_decision_tree_host.py[line:281] - INFO: get the 0-th predict finish tag from guest"
"2019-08-24 20:12:04,912 - hetero_decision_tree_host.py[line:47] - INFO: hetero decision tree guest init!"
"2019-08-24 20:12:04,912 - hetero_decision_tree_host.py[line:425] - INFO: load tree model"
"2019-08-24 20:12:04,913 - hetero_decision_tree_host.py[line:73] - INFO: set flowid, flowid is 0.0.0"
"2019-08-24 20:12:04,913 - hetero_decision_tree_host.py[line:79] - INFO: runtime idx is 1, sitename is host.1"
"2019-08-24 20:12:04,914 - hetero_decision_tree_host.py[line:348] - INFO: start to predict!"
"2019-08-24 20:12:04,914 - hetero_decision_tree_host.py[line:281] - INFO: get the 0-th predict finish tag from guest"
"2019-08-24 20:12:08,182 - hetero_decision_tree_host.py[line:289] - INFO: srecv predict data to host, recv times is 0"
"2019-08-24 20:12:08,330 - hetero_decision_tree_host.py[line:289] - INFO: srecv predict data to host, recv times is 0"
"2019-08-24 20:12:08,668 - hetero_decision_tree_host.py[line:298] - INFO: send predicted data by host, send times is 0"
"2019-08-24 20:12:08,788 - hetero_decision_tree_host.py[line:281] - INFO: get the 1-th predict finish tag from guest"
"2019-08-24 20:12:08,788 - hetero_decision_tree_host.py[line:298] - INFO: send predicted data by host, send times is 0"
"2019-08-24 20:12:08,804 - hetero_decision_tree_host.py[line:281] - INFO: get the 1-th predict finish tag from guest"
"2019-08-24 20:12:10,399 - hetero_decision_tree_host.py[line:289] - INFO: srecv predict data to host, recv times is 1"
"2019-08-24 20:12:10,514 - hetero_decision_tree_host.py[line:289] - INFO: srecv predict data to host, recv times is 1"
"2019-08-24 20:12:10,986 - hetero_decision_tree_host.py[line:298] - INFO: send predicted data by host, send times is 1"
"2019-08-24 20:12:11,038 - hetero_decision_tree_host.py[line:298] - INFO: send predicted data by host, send times is 1"
"2019-08-24 20:12:11,046 - hetero_decision_tree_host.py[line:281] - INFO: get the 2-th predict finish tag from guest"
"2019-08-24 20:12:11,055 - hetero_decision_tree_host.py[line:281] - INFO: get the 2-th predict finish tag from guest"
"2019-08-24 20:12:13,258 - hetero_decision_tree_host.py[line:289] - INFO: srecv predict data to host, recv times is 2"
"2019-08-24 20:12:13,367 - hetero_decision_tree_host.py[line:289] - INFO: srecv predict data to host, recv times is 2"
"2019-08-24 20:12:13,746 - hetero_decision_tree_host.py[line:298] - INFO: send predicted data by host, send times is 2"
"2019-08-24 20:12:13,797 - hetero_decision_tree_host.py[line:281] - INFO: get the 3-th predict finish tag from guest"
"2019-08-24 20:12:13,922 - hetero_decision_tree_host.py[line:298] - INFO: send predicted data by host, send times is 2"
"2019-08-24 20:12:13,938 - hetero_decision_tree_host.py[line:281] - INFO: get the 3-th predict finish tag from guest"
"2019-08-24 20:12:16,112 - hetero_decision_tree_host.py[line:289] - INFO: srecv predict data to host, recv times is 3"
"2019-08-24 20:12:16,252 - hetero_decision_tree_host.py[line:289] - INFO: srecv predict data to host, recv times is 3"
"2019-08-24 20:12:16,731 - hetero_decision_tree_host.py[line:298] - INFO: send predicted data by host, send times is 3"
"2019-08-24 20:12:16,790 - hetero_decision_tree_host.py[line:281] - INFO: get the 4-th predict finish tag from guest"
"2019-08-24 20:12:16,809 - hetero_decision_tree_host.py[line:298] - INFO: send predicted data by host, send times is 3"
"2019-08-24 20:12:16,856 - hetero_decision_tree_host.py[line:281] - INFO: get the 4-th predict finish tag from guest"
"2019-08-24 20:12:19,274 - hetero_decision_tree_host.py[line:368] - INFO: predict finish!"
"2019-08-24 20:12:19,405 - hetero_decision_tree_host.py[line:368] - INFO: predict finish!"
"2019-08-24 20:12:20,255 - hetero_decision_tree_host.py[line:47] - INFO: hetero decision tree guest init!"
"2019-08-24 20:12:20,255 - hetero_decision_tree_host.py[line:425] - INFO: load tree model"
"2019-08-24 20:12:20,256 - hetero_decision_tree_host.py[line:73] - INFO: set flowid, flowid is 1.0.0"
"2019-08-24 20:12:20,256 - hetero_decision_tree_host.py[line:79] - INFO: runtime idx is 1, sitename is host.1"
"2019-08-24 20:12:20,256 - hetero_decision_tree_host.py[line:348] - INFO: start to predict!"
"2019-08-24 20:12:20,256 - hetero_decision_tree_host.py[line:281] - INFO: get the 0-th predict finish tag from guest"
"2019-08-24 20:12:20,282 - hetero_decision_tree_host.py[line:47] - INFO: hetero decision tree guest init!"
"2019-08-24 20:12:20,283 - hetero_decision_tree_host.py[line:425] - INFO: load tree model"
"2019-08-24 20:12:20,283 - hetero_decision_tree_host.py[line:73] - INFO: set flowid, flowid is 1.0.0"
"2019-08-24 20:12:20,283 - hetero_decision_tree_host.py[line:79] - INFO: runtime idx is 0, sitename is host.0"
"2019-08-24 20:12:20,284 - hetero_decision_tree_host.py[line:348] - INFO: start to predict!"
"2019-08-24 20:12:20,284 - hetero_decision_tree_host.py[line:281] - INFO: get the 0-th predict finish tag from guest"
"2019-08-24 20:12:25,005 - hetero_decision_tree_host.py[line:289] - INFO: srecv predict data to host, recv times is 0"
"2019-08-24 20:12:25,080 - hetero_decision_tree_host.py[line:289] - INFO: srecv predict data to host, recv times is 0"
"2019-08-24 20:12:25,616 - hetero_decision_tree_host.py[line:298] - INFO: send predicted data by host, send times is 0"
"2019-08-24 20:12:25,616 - hetero_decision_tree_host.py[line:298] - INFO: send predicted data by host, send times is 0"
"2019-08-24 20:12:25,640 - hetero_decision_tree_host.py[line:281] - INFO: get the 1-th predict finish tag from guest"
"2019-08-24 20:12:25,674 - hetero_decision_tree_host.py[line:281] - INFO: get the 1-th predict finish tag from guest"
"2019-08-24 20:12:27,251 - hetero_decision_tree_host.py[line:289] - INFO: srecv predict data to host, recv times is 1"
"2019-08-24 20:12:27,284 - hetero_decision_tree_host.py[line:289] - INFO: srecv predict data to host, recv times is 1"
"2019-08-24 20:12:27,909 - hetero_decision_tree_host.py[line:298] - INFO: send predicted data by host, send times is 1"
"2019-08-24 20:12:27,927 - hetero_decision_tree_host.py[line:298] - INFO: send predicted data by host, send times is 1"
"2019-08-24 20:12:27,985 - hetero_decision_tree_host.py[line:281] - INFO: get the 2-th predict finish tag from guest"
"2019-08-24 20:12:27,985 - hetero_decision_tree_host.py[line:281] - INFO: get the 2-th predict finish tag from guest"
"2019-08-24 20:12:30,198 - hetero_decision_tree_host.py[line:289] - INFO: srecv predict data to host, recv times is 2"
"2019-08-24 20:12:30,299 - hetero_decision_tree_host.py[line:289] - INFO: srecv predict data to host, recv times is 2"
"2019-08-24 20:12:30,833 - hetero_decision_tree_host.py[line:298] - INFO: send predicted data by host, send times is 2"
"2019-08-24 20:12:30,833 - hetero_decision_tree_host.py[line:298] - INFO: send predicted data by host, send times is 2"
"2019-08-24 20:12:30,859 - hetero_decision_tree_host.py[line:281] - INFO: get the 3-th predict finish tag from guest"
"2019-08-24 20:12:30,917 - hetero_decision_tree_host.py[line:281] - INFO: get the 3-th predict finish tag from guest"
"2019-08-24 20:12:32,971 - hetero_decision_tree_host.py[line:289] - INFO: srecv predict data to host, recv times is 3"
"2019-08-24 20:12:33,130 - hetero_decision_tree_host.py[line:289] - INFO: srecv predict data to host, recv times is 3"
"2019-08-24 20:12:33,598 - hetero_decision_tree_host.py[line:298] - INFO: send predicted data by host, send times is 3"
"2019-08-24 20:12:33,607 - hetero_decision_tree_host.py[line:298] - INFO: send predicted data by host, send times is 3"
"2019-08-24 20:12:33,635 - hetero_decision_tree_host.py[line:281] - INFO: get the 4-th predict finish tag from guest"
"2019-08-24 20:12:33,644 - hetero_decision_tree_host.py[line:281] - INFO: get the 4-th predict finish tag from guest"
"2019-08-24 20:12:35,748 - hetero_decision_tree_host.py[line:368] - INFO: predict finish!"
"2019-08-24 20:12:35,859 - hetero_decision_tree_host.py[line:368] - INFO: predict finish!"
"2019-08-24 21:31:46,129 - hetero_decision_tree_host.py[line:47] - INFO: hetero decision tree guest init!"
"2019-08-24 21:31:46,131 - hetero_decision_tree_host.py[line:425] - INFO: load tree model"
"2019-08-24 21:31:46,131 - hetero_decision_tree_host.py[line:73] - INFO: set flowid, flowid is 0.0.0"
"2019-08-24 21:31:46,132 - hetero_decision_tree_host.py[line:79] - INFO: runtime idx is 1, sitename is host.1"
"2019-08-24 21:31:46,132 - hetero_decision_tree_host.py[line:348] - INFO: start to predict!"
"2019-08-24 21:31:46,132 - hetero_decision_tree_host.py[line:281] - INFO: get the 0-th predict finish tag from guest"
"2019-08-24 21:31:46,135 - hetero_decision_tree_host.py[line:289] - INFO: srecv predict data to host, recv times is 0"
"2019-08-24 21:31:46,569 - hetero_decision_tree_host.py[line:47] - INFO: hetero decision tree guest init!"
"2019-08-24 21:31:46,571 - hetero_decision_tree_host.py[line:425] - INFO: load tree model"
"2019-08-24 21:31:46,573 - hetero_decision_tree_host.py[line:73] - INFO: set flowid, flowid is 0.0.0"
"2019-08-24 21:31:46,573 - hetero_decision_tree_host.py[line:79] - INFO: runtime idx is 0, sitename is host.0"
"2019-08-24 21:31:46,573 - hetero_decision_tree_host.py[line:348] - INFO: start to predict!"
"2019-08-24 21:31:46,573 - hetero_decision_tree_host.py[line:281] - INFO: get the 0-th predict finish tag from guest"
"2019-08-24 21:31:46,577 - hetero_decision_tree_host.py[line:289] - INFO: srecv predict data to host, recv times is 0"
"2019-08-24 21:31:46,811 - hetero_decision_tree_host.py[line:298] - INFO: send predicted data by host, send times is 0"
"2019-08-24 21:31:46,945 - hetero_decision_tree_host.py[line:281] - INFO: get the 1-th predict finish tag from guest"
"2019-08-24 21:31:46,947 - hetero_decision_tree_host.py[line:289] - INFO: srecv predict data to host, recv times is 1"
"2019-08-24 21:31:47,311 - hetero_decision_tree_host.py[line:298] - INFO: send predicted data by host, send times is 0"
"2019-08-24 21:31:47,336 - hetero_decision_tree_host.py[line:281] - INFO: get the 1-th predict finish tag from guest"
"2019-08-24 21:31:47,338 - hetero_decision_tree_host.py[line:289] - INFO: srecv predict data to host, recv times is 1"
"2019-08-24 21:31:47,713 - hetero_decision_tree_host.py[line:298] - INFO: send predicted data by host, send times is 1"
"2019-08-24 21:31:47,788 - hetero_decision_tree_host.py[line:281] - INFO: get the 2-th predict finish tag from guest"
"2019-08-24 21:31:47,790 - hetero_decision_tree_host.py[line:289] - INFO: srecv predict data to host, recv times is 2"
"2019-08-24 21:31:47,910 - hetero_decision_tree_host.py[line:298] - INFO: send predicted data by host, send times is 1"
"2019-08-24 21:31:48,014 - hetero_decision_tree_host.py[line:281] - INFO: get the 2-th predict finish tag from guest"
"2019-08-24 21:31:48,015 - hetero_decision_tree_host.py[line:289] - INFO: srecv predict data to host, recv times is 2"
"2019-08-24 21:31:48,576 - hetero_decision_tree_host.py[line:298] - INFO: send predicted data by host, send times is 2"
"2019-08-24 21:31:48,625 - hetero_decision_tree_host.py[line:298] - INFO: send predicted data by host, send times is 2"
"2019-08-24 21:31:48,699 - hetero_decision_tree_host.py[line:281] - INFO: get the 3-th predict finish tag from guest"
"2019-08-24 21:31:48,701 - hetero_decision_tree_host.py[line:289] - INFO: srecv predict data to host, recv times is 3"
"2019-08-24 21:31:48,739 - hetero_decision_tree_host.py[line:281] - INFO: get the 3-th predict finish tag from guest"
"2019-08-24 21:31:48,740 - hetero_decision_tree_host.py[line:289] - INFO: srecv predict data to host, recv times is 3"
"2019-08-24 21:31:49,420 - hetero_decision_tree_host.py[line:298] - INFO: send predicted data by host, send times is 3"
"2019-08-24 21:31:49,420 - hetero_decision_tree_host.py[line:298] - INFO: send predicted data by host, send times is 3"
"2019-08-24 21:31:49,480 - hetero_decision_tree_host.py[line:281] - INFO: get the 4-th predict finish tag from guest"
"2019-08-24 21:31:49,480 - hetero_decision_tree_host.py[line:281] - INFO: get the 4-th predict finish tag from guest"
"2019-08-24 21:31:49,482 - hetero_decision_tree_host.py[line:368] - INFO: predict finish!"
"2019-08-24 21:31:49,482 - hetero_decision_tree_host.py[line:368] - INFO: predict finish!"
"2019-08-24 22:50:25,549 - hetero_decision_tree_host.py[line:47] - INFO: hetero decision tree guest init!"
"2019-08-24 22:50:25,551 - hetero_decision_tree_host.py[line:425] - INFO: load tree model"
"2019-08-24 22:50:25,552 - hetero_decision_tree_host.py[line:73] - INFO: set flowid, flowid is 0.0.0"
"2019-08-24 22:50:25,553 - hetero_decision_tree_host.py[line:79] - INFO: runtime idx is 1, sitename is host.1"
"2019-08-24 22:50:25,553 - hetero_decision_tree_host.py[line:348] - INFO: start to predict!"
"2019-08-24 22:50:25,553 - hetero_decision_tree_host.py[line:281] - INFO: get the 0-th predict finish tag from guest"
"2019-08-24 22:50:25,592 - hetero_decision_tree_host.py[line:289] - INFO: srecv predict data to host, recv times is 0"
"2019-08-24 22:50:25,987 - hetero_decision_tree_host.py[line:47] - INFO: hetero decision tree guest init!"
"2019-08-24 22:50:25,988 - hetero_decision_tree_host.py[line:425] - INFO: load tree model"
"2019-08-24 22:50:25,989 - hetero_decision_tree_host.py[line:73] - INFO: set flowid, flowid is 0.0.0"
"2019-08-24 22:50:25,990 - hetero_decision_tree_host.py[line:79] - INFO: runtime idx is 0, sitename is host.0"
"2019-08-24 22:50:25,990 - hetero_decision_tree_host.py[line:348] - INFO: start to predict!"
"2019-08-24 22:50:25,990 - hetero_decision_tree_host.py[line:281] - INFO: get the 0-th predict finish tag from guest"
"2019-08-24 22:50:25,993 - hetero_decision_tree_host.py[line:289] - INFO: srecv predict data to host, recv times is 0"
"2019-08-24 22:50:26,268 - hetero_decision_tree_host.py[line:298] - INFO: send predicted data by host, send times is 0"
"2019-08-24 22:50:26,343 - hetero_decision_tree_host.py[line:281] - INFO: get the 1-th predict finish tag from guest"
"2019-08-24 22:50:26,345 - hetero_decision_tree_host.py[line:289] - INFO: srecv predict data to host, recv times is 1"
"2019-08-24 22:50:26,576 - hetero_decision_tree_host.py[line:298] - INFO: send predicted data by host, send times is 0"
"2019-08-24 22:50:26,661 - hetero_decision_tree_host.py[line:281] - INFO: get the 1-th predict finish tag from guest"
"2019-08-24 22:50:26,663 - hetero_decision_tree_host.py[line:289] - INFO: srecv predict data to host, recv times is 1"
"2019-08-24 22:50:27,000 - hetero_decision_tree_host.py[line:298] - INFO: send predicted data by host, send times is 1"
"2019-08-24 22:50:27,085 - hetero_decision_tree_host.py[line:281] - INFO: get the 2-th predict finish tag from guest"
"2019-08-24 22:50:27,088 - hetero_decision_tree_host.py[line:289] - INFO: srecv predict data to host, recv times is 2"
"2019-08-24 22:50:27,262 - hetero_decision_tree_host.py[line:298] - INFO: send predicted data by host, send times is 1"
"2019-08-24 22:50:27,355 - hetero_decision_tree_host.py[line:281] - INFO: get the 2-th predict finish tag from guest"
"2019-08-24 22:50:27,357 - hetero_decision_tree_host.py[line:289] - INFO: srecv predict data to host, recv times is 2"
"2019-08-24 22:50:27,666 - hetero_decision_tree_host.py[line:298] - INFO: send predicted data by host, send times is 2"
"2019-08-24 22:50:27,692 - hetero_decision_tree_host.py[line:281] - INFO: get the 3-th predict finish tag from guest"
"2019-08-24 22:50:27,696 - hetero_decision_tree_host.py[line:289] - INFO: srecv predict data to host, recv times is 3"
"2019-08-24 22:50:27,993 - hetero_decision_tree_host.py[line:298] - INFO: send predicted data by host, send times is 2"
"2019-08-24 22:50:28,060 - hetero_decision_tree_host.py[line:281] - INFO: get the 3-th predict finish tag from guest"
"2019-08-24 22:50:28,063 - hetero_decision_tree_host.py[line:289] - INFO: srecv predict data to host, recv times is 3"
"2019-08-24 22:50:28,400 - hetero_decision_tree_host.py[line:298] - INFO: send predicted data by host, send times is 3"
"2019-08-24 22:50:28,483 - hetero_decision_tree_host.py[line:281] - INFO: get the 4-th predict finish tag from guest"
"2019-08-24 22:50:28,485 - hetero_decision_tree_host.py[line:368] - INFO: predict finish!"
"2019-08-24 22:50:28,925 - hetero_decision_tree_host.py[line:298] - INFO: send predicted data by host, send times is 3"
"2019-08-24 22:50:28,993 - hetero_decision_tree_host.py[line:281] - INFO: get the 4-th predict finish tag from guest"
"2019-08-24 22:50:28,996 - hetero_decision_tree_host.py[line:368] - INFO: predict finish!"
"2019-08-25 00:49:12,206 - hetero_decision_tree_host.py[line:47] - INFO: hetero decision tree guest init!"
"2019-08-25 00:49:12,208 - hetero_decision_tree_host.py[line:425] - INFO: load tree model"
"2019-08-25 00:49:12,209 - hetero_decision_tree_host.py[line:73] - INFO: set flowid, flowid is 0.0.0"
"2019-08-25 00:49:12,209 - hetero_decision_tree_host.py[line:79] - INFO: runtime idx is 1, sitename is host.1"
"2019-08-25 00:49:12,209 - hetero_decision_tree_host.py[line:348] - INFO: start to predict!"
"2019-08-25 00:49:12,209 - hetero_decision_tree_host.py[line:281] - INFO: get the 0-th predict finish tag from guest"
"2019-08-25 00:49:12,212 - hetero_decision_tree_host.py[line:289] - INFO: srecv predict data to host, recv times is 0"
"2019-08-25 00:49:12,794 - hetero_decision_tree_host.py[line:47] - INFO: hetero decision tree guest init!"
"2019-08-25 00:49:12,795 - hetero_decision_tree_host.py[line:425] - INFO: load tree model"
"2019-08-25 00:49:12,796 - hetero_decision_tree_host.py[line:73] - INFO: set flowid, flowid is 0.0.0"
"2019-08-25 00:49:12,796 - hetero_decision_tree_host.py[line:79] - INFO: runtime idx is 0, sitename is host.0"
"2019-08-25 00:49:12,797 - hetero_decision_tree_host.py[line:348] - INFO: start to predict!"
"2019-08-25 00:49:12,797 - hetero_decision_tree_host.py[line:281] - INFO: get the 0-th predict finish tag from guest"
"2019-08-25 00:49:12,799 - hetero_decision_tree_host.py[line:289] - INFO: srecv predict data to host, recv times is 0"
"2019-08-25 00:49:13,047 - hetero_decision_tree_host.py[line:298] - INFO: send predicted data by host, send times is 0"
"2019-08-25 00:49:13,161 - hetero_decision_tree_host.py[line:281] - INFO: get the 1-th predict finish tag from guest"
"2019-08-25 00:49:13,164 - hetero_decision_tree_host.py[line:289] - INFO: srecv predict data to host, recv times is 1"
"2019-08-25 00:49:13,548 - hetero_decision_tree_host.py[line:298] - INFO: send predicted data by host, send times is 0"
"2019-08-25 00:49:13,574 - hetero_decision_tree_host.py[line:281] - INFO: get the 1-th predict finish tag from guest"
"2019-08-25 00:49:13,578 - hetero_decision_tree_host.py[line:289] - INFO: srecv predict data to host, recv times is 1"
"2019-08-25 00:49:13,916 - hetero_decision_tree_host.py[line:298] - INFO: send predicted data by host, send times is 1"
"2019-08-25 00:49:13,967 - hetero_decision_tree_host.py[line:281] - INFO: get the 2-th predict finish tag from guest"
"2019-08-25 00:49:13,969 - hetero_decision_tree_host.py[line:289] - INFO: srecv predict data to host, recv times is 2"
"2019-08-25 00:49:14,335 - hetero_decision_tree_host.py[line:298] - INFO: send predicted data by host, send times is 1"
"2019-08-25 00:49:14,414 - hetero_decision_tree_host.py[line:281] - INFO: get the 2-th predict finish tag from guest"
"2019-08-25 00:49:14,431 - hetero_decision_tree_host.py[line:298] - INFO: send predicted data by host, send times is 2"
"2019-08-25 00:49:14,432 - hetero_decision_tree_host.py[line:289] - INFO: srecv predict data to host, recv times is 2"
"2019-08-25 00:49:14,441 - hetero_decision_tree_host.py[line:281] - INFO: get the 3-th predict finish tag from guest"
"2019-08-25 00:49:14,444 - hetero_decision_tree_host.py[line:289] - INFO: srecv predict data to host, recv times is 3"
"2019-08-25 00:49:15,098 - hetero_decision_tree_host.py[line:298] - INFO: send predicted data by host, send times is 3"
"2019-08-25 00:49:15,099 - hetero_decision_tree_host.py[line:298] - INFO: send predicted data by host, send times is 2"
"2019-08-25 00:49:15,197 - hetero_decision_tree_host.py[line:281] - INFO: get the 3-th predict finish tag from guest"
"2019-08-25 00:49:15,197 - hetero_decision_tree_host.py[line:281] - INFO: get the 4-th predict finish tag from guest"
"2019-08-25 00:49:15,199 - hetero_decision_tree_host.py[line:289] - INFO: srecv predict data to host, recv times is 3"
"2019-08-25 00:49:15,199 - hetero_decision_tree_host.py[line:368] - INFO: predict finish!"
"2019-08-25 00:49:15,858 - hetero_decision_tree_host.py[line:298] - INFO: send predicted data by host, send times is 3"
"2019-08-25 00:49:15,958 - hetero_decision_tree_host.py[line:281] - INFO: get the 4-th predict finish tag from guest"
"2019-08-25 00:49:15,960 - hetero_decision_tree_host.py[line:368] - INFO: predict finish!"
"2019-08-25 00:51:43,318 - hetero_decision_tree_host.py[line:47] - INFO: hetero decision tree guest init!"
"2019-08-25 00:51:43,319 - hetero_decision_tree_host.py[line:425] - INFO: load tree model"
"2019-08-25 00:51:43,320 - hetero_decision_tree_host.py[line:73] - INFO: set flowid, flowid is 0.0.0"
"2019-08-25 00:51:43,320 - hetero_decision_tree_host.py[line:79] - INFO: runtime idx is 1, sitename is host.1"
"2019-08-25 00:51:43,320 - hetero_decision_tree_host.py[line:348] - INFO: start to predict!"
"2019-08-25 00:51:43,320 - hetero_decision_tree_host.py[line:281] - INFO: get the 0-th predict finish tag from guest"
"2019-08-25 00:51:43,323 - hetero_decision_tree_host.py[line:289] - INFO: srecv predict data to host, recv times is 0"
"2019-08-25 00:51:43,631 - hetero_decision_tree_host.py[line:47] - INFO: hetero decision tree guest init!"
"2019-08-25 00:51:43,632 - hetero_decision_tree_host.py[line:425] - INFO: load tree model"
"2019-08-25 00:51:43,634 - hetero_decision_tree_host.py[line:73] - INFO: set flowid, flowid is 0.0.0"
"2019-08-25 00:51:43,634 - hetero_decision_tree_host.py[line:79] - INFO: runtime idx is 0, sitename is host.0"
"2019-08-25 00:51:43,635 - hetero_decision_tree_host.py[line:348] - INFO: start to predict!"
"2019-08-25 00:51:43,635 - hetero_decision_tree_host.py[line:281] - INFO: get the 0-th predict finish tag from guest"
"2019-08-25 00:51:43,639 - hetero_decision_tree_host.py[line:289] - INFO: srecv predict data to host, recv times is 0"
"2019-08-25 00:51:43,960 - hetero_decision_tree_host.py[line:298] - INFO: send predicted data by host, send times is 0"
"2019-08-25 00:51:44,028 - hetero_decision_tree_host.py[line:281] - INFO: get the 1-th predict finish tag from guest"
"2019-08-25 00:51:44,030 - hetero_decision_tree_host.py[line:289] - INFO: srecv predict data to host, recv times is 1"
"2019-08-25 00:51:44,326 - hetero_decision_tree_host.py[line:298] - INFO: send predicted data by host, send times is 0"
"2019-08-25 00:51:44,465 - hetero_decision_tree_host.py[line:281] - INFO: get the 1-th predict finish tag from guest"
"2019-08-25 00:51:44,467 - hetero_decision_tree_host.py[line:289] - INFO: srecv predict data to host, recv times is 1"
"2019-08-25 00:51:44,678 - hetero_decision_tree_host.py[line:298] - INFO: send predicted data by host, send times is 1"
"2019-08-25 00:51:44,720 - hetero_decision_tree_host.py[line:281] - INFO: get the 2-th predict finish tag from guest"
"2019-08-25 00:51:44,723 - hetero_decision_tree_host.py[line:289] - INFO: srecv predict data to host, recv times is 2"
"2019-08-25 00:51:44,976 - hetero_decision_tree_host.py[line:298] - INFO: send predicted data by host, send times is 1"
"2019-08-25 00:51:45,075 - hetero_decision_tree_host.py[line:281] - INFO: get the 2-th predict finish tag from guest"
"2019-08-25 00:51:45,077 - hetero_decision_tree_host.py[line:289] - INFO: srecv predict data to host, recv times is 2"
"2019-08-25 00:51:45,110 - hetero_decision_tree_host.py[line:298] - INFO: send predicted data by host, send times is 2"
"2019-08-25 00:51:45,238 - hetero_decision_tree_host.py[line:281] - INFO: get the 3-th predict finish tag from guest"
"2019-08-25 00:51:45,242 - hetero_decision_tree_host.py[line:289] - INFO: srecv predict data to host, recv times is 3"
"2019-08-25 00:51:45,898 - hetero_decision_tree_host.py[line:298] - INFO: send predicted data by host, send times is 2"
"2019-08-25 00:51:45,916 - hetero_decision_tree_host.py[line:298] - INFO: send predicted data by host, send times is 3"
"2019-08-25 00:51:45,964 - hetero_decision_tree_host.py[line:281] - INFO: get the 3-th predict finish tag from guest"
"2019-08-25 00:51:45,966 - hetero_decision_tree_host.py[line:289] - INFO: srecv predict data to host, recv times is 3"
"2019-08-25 00:51:45,991 - hetero_decision_tree_host.py[line:281] - INFO: get the 4-th predict finish tag from guest"
"2019-08-25 00:51:45,992 - hetero_decision_tree_host.py[line:368] - INFO: predict finish!"
"2019-08-25 00:51:46,376 - hetero_decision_tree_host.py[line:298] - INFO: send predicted data by host, send times is 3"
"2019-08-25 00:51:46,445 - hetero_decision_tree_host.py[line:281] - INFO: get the 4-th predict finish tag from guest"
"2019-08-25 00:51:46,447 - hetero_decision_tree_host.py[line:368] - INFO: predict finish!"
"2019-08-25 00:56:05,233 - hetero_decision_tree_host.py[line:47] - INFO: hetero decision tree guest init!"
"2019-08-25 00:56:05,233 - hetero_decision_tree_host.py[line:425] - INFO: load tree model"
"2019-08-25 00:56:05,234 - hetero_decision_tree_host.py[line:73] - INFO: set flowid, flowid is 0.0.0"
"2019-08-25 00:56:05,234 - hetero_decision_tree_host.py[line:79] - INFO: runtime idx is 1, sitename is host.1"
"2019-08-25 00:56:05,234 - hetero_decision_tree_host.py[line:348] - INFO: start to predict!"
"2019-08-25 00:56:05,234 - hetero_decision_tree_host.py[line:281] - INFO: get the 0-th predict finish tag from guest"
"2019-08-25 00:56:05,235 - hetero_decision_tree_host.py[line:289] - INFO: srecv predict data to host, recv times is 0"
"2019-08-25 00:56:05,632 - hetero_decision_tree_host.py[line:47] - INFO: hetero decision tree guest init!"
"2019-08-25 00:56:05,633 - hetero_decision_tree_host.py[line:425] - INFO: load tree model"
"2019-08-25 00:56:05,634 - hetero_decision_tree_host.py[line:73] - INFO: set flowid, flowid is 0.0.0"
"2019-08-25 00:56:05,634 - hetero_decision_tree_host.py[line:79] - INFO: runtime idx is 0, sitename is host.0"
"2019-08-25 00:56:05,634 - hetero_decision_tree_host.py[line:348] - INFO: start to predict!"
"2019-08-25 00:56:05,634 - hetero_decision_tree_host.py[line:281] - INFO: get the 0-th predict finish tag from guest"
"2019-08-25 00:56:05,637 - hetero_decision_tree_host.py[line:289] - INFO: srecv predict data to host, recv times is 0"
"2019-08-25 00:56:05,861 - hetero_decision_tree_host.py[line:298] - INFO: send predicted data by host, send times is 0"
"2019-08-25 00:56:05,935 - hetero_decision_tree_host.py[line:281] - INFO: get the 1-th predict finish tag from guest"
"2019-08-25 00:56:05,938 - hetero_decision_tree_host.py[line:289] - INFO: srecv predict data to host, recv times is 1"
"2019-08-25 00:56:06,259 - hetero_decision_tree_host.py[line:298] - INFO: send predicted data by host, send times is 0"
"2019-08-25 00:56:06,327 - hetero_decision_tree_host.py[line:281] - INFO: get the 1-th predict finish tag from guest"
"2019-08-25 00:56:06,330 - hetero_decision_tree_host.py[line:289] - INFO: srecv predict data to host, recv times is 1"
"2019-08-25 00:56:06,660 - hetero_decision_tree_host.py[line:298] - INFO: send predicted data by host, send times is 1"
"2019-08-25 00:56:06,736 - hetero_decision_tree_host.py[line:281] - INFO: get the 2-th predict finish tag from guest"
"2019-08-25 00:56:06,739 - hetero_decision_tree_host.py[line:289] - INFO: srecv predict data to host, recv times is 2"
"2019-08-25 00:56:06,777 - hetero_decision_tree_host.py[line:298] - INFO: send predicted data by host, send times is 1"
"2019-08-25 00:56:06,828 - hetero_decision_tree_host.py[line:281] - INFO: get the 2-th predict finish tag from guest"
"2019-08-25 00:56:06,831 - hetero_decision_tree_host.py[line:289] - INFO: srecv predict data to host, recv times is 2"
"2019-08-25 00:56:07,334 - hetero_decision_tree_host.py[line:298] - INFO: send predicted data by host, send times is 2"
"2019-08-25 00:56:07,351 - hetero_decision_tree_host.py[line:298] - INFO: send predicted data by host, send times is 2"
"2019-08-25 00:56:07,419 - hetero_decision_tree_host.py[line:281] - INFO: get the 3-th predict finish tag from guest"
"2019-08-25 00:56:07,421 - hetero_decision_tree_host.py[line:289] - INFO: srecv predict data to host, recv times is 3"
"2019-08-25 00:56:07,427 - hetero_decision_tree_host.py[line:281] - INFO: get the 3-th predict finish tag from guest"
"2019-08-25 00:56:07,429 - hetero_decision_tree_host.py[line:289] - INFO: srecv predict data to host, recv times is 3"
"2019-08-25 00:56:08,090 - hetero_decision_tree_host.py[line:298] - INFO: send predicted data by host, send times is 3"
"2019-08-25 00:56:08,111 - hetero_decision_tree_host.py[line:298] - INFO: send predicted data by host, send times is 3"
"2019-08-25 00:56:08,128 - hetero_decision_tree_host.py[line:281] - INFO: get the 4-th predict finish tag from guest"
"2019-08-25 00:56:08,132 - hetero_decision_tree_host.py[line:368] - INFO: predict finish!"
"2019-08-25 00:56:08,214 - hetero_decision_tree_host.py[line:281] - INFO: get the 4-th predict finish tag from guest"
"2019-08-25 00:56:08,215 - hetero_decision_tree_host.py[line:368] - INFO: predict finish!"
"2019-08-25 00:59:34,789 - hetero_decision_tree_host.py[line:47] - INFO: hetero decision tree guest init!"
"2019-08-25 00:59:34,789 - hetero_decision_tree_host.py[line:425] - INFO: load tree model"
"2019-08-25 00:59:34,790 - hetero_decision_tree_host.py[line:73] - INFO: set flowid, flowid is 0.0.0"
"2019-08-25 00:59:34,790 - hetero_decision_tree_host.py[line:79] - INFO: runtime idx is 1, sitename is host.1"
"2019-08-25 00:59:34,790 - hetero_decision_tree_host.py[line:348] - INFO: start to predict!"
"2019-08-25 00:59:34,790 - hetero_decision_tree_host.py[line:281] - INFO: get the 0-th predict finish tag from guest"
"2019-08-25 00:59:34,790 - hetero_decision_tree_host.py[line:289] - INFO: srecv predict data to host, recv times is 0"
"2019-08-25 00:59:35,131 - hetero_decision_tree_host.py[line:47] - INFO: hetero decision tree guest init!"
"2019-08-25 00:59:35,132 - hetero_decision_tree_host.py[line:425] - INFO: load tree model"
"2019-08-25 00:59:35,133 - hetero_decision_tree_host.py[line:73] - INFO: set flowid, flowid is 0.0.0"
"2019-08-25 00:59:35,133 - hetero_decision_tree_host.py[line:79] - INFO: runtime idx is 0, sitename is host.0"
"2019-08-25 00:59:35,133 - hetero_decision_tree_host.py[line:348] - INFO: start to predict!"
"2019-08-25 00:59:35,133 - hetero_decision_tree_host.py[line:281] - INFO: get the 0-th predict finish tag from guest"
"2019-08-25 00:59:35,137 - hetero_decision_tree_host.py[line:289] - INFO: srecv predict data to host, recv times is 0"
"2019-08-25 00:59:35,365 - hetero_decision_tree_host.py[line:298] - INFO: send predicted data by host, send times is 0"
"2019-08-25 00:59:35,421 - hetero_decision_tree_host.py[line:281] - INFO: get the 1-th predict finish tag from guest"
"2019-08-25 00:59:35,447 - hetero_decision_tree_host.py[line:289] - INFO: srecv predict data to host, recv times is 1"
"2019-08-25 00:59:35,608 - hetero_decision_tree_host.py[line:298] - INFO: send predicted data by host, send times is 0"
"2019-08-25 00:59:35,683 - hetero_decision_tree_host.py[line:281] - INFO: get the 1-th predict finish tag from guest"
"2019-08-25 00:59:35,686 - hetero_decision_tree_host.py[line:289] - INFO: srecv predict data to host, recv times is 1"
"2019-08-25 00:59:36,102 - hetero_decision_tree_host.py[line:298] - INFO: send predicted data by host, send times is 1"
"2019-08-25 00:59:36,235 - hetero_decision_tree_host.py[line:281] - INFO: get the 2-th predict finish tag from guest"
"2019-08-25 00:59:36,237 - hetero_decision_tree_host.py[line:289] - INFO: srecv predict data to host, recv times is 2"
"2019-08-25 00:59:36,331 - hetero_decision_tree_host.py[line:298] - INFO: send predicted data by host, send times is 1"
"2019-08-25 00:59:36,381 - hetero_decision_tree_host.py[line:281] - INFO: get the 2-th predict finish tag from guest"
"2019-08-25 00:59:36,382 - hetero_decision_tree_host.py[line:289] - INFO: srecv predict data to host, recv times is 2"
"2019-08-25 00:59:36,923 - hetero_decision_tree_host.py[line:298] - INFO: send predicted data by host, send times is 2"
"2019-08-25 00:59:36,940 - hetero_decision_tree_host.py[line:298] - INFO: send predicted data by host, send times is 2"
"2019-08-25 00:59:36,995 - hetero_decision_tree_host.py[line:281] - INFO: get the 3-th predict finish tag from guest"
"2019-08-25 00:59:36,997 - hetero_decision_tree_host.py[line:289] - INFO: srecv predict data to host, recv times is 3"
"2019-08-25 00:59:37,033 - hetero_decision_tree_host.py[line:281] - INFO: get the 3-th predict finish tag from guest"
"2019-08-25 00:59:37,037 - hetero_decision_tree_host.py[line:289] - INFO: srecv predict data to host, recv times is 3"
"2019-08-25 00:59:37,791 - hetero_decision_tree_host.py[line:298] - INFO: send predicted data by host, send times is 3"
"2019-08-25 00:59:37,791 - hetero_decision_tree_host.py[line:298] - INFO: send predicted data by host, send times is 3"
"2019-08-25 00:59:37,912 - hetero_decision_tree_host.py[line:281] - INFO: get the 4-th predict finish tag from guest"
"2019-08-25 00:59:37,912 - hetero_decision_tree_host.py[line:281] - INFO: get the 4-th predict finish tag from guest"
"2019-08-25 00:59:37,913 - hetero_decision_tree_host.py[line:368] - INFO: predict finish!"
"2019-08-25 00:59:37,913 - hetero_decision_tree_host.py[line:368] - INFO: predict finish!"
"2019-08-25 01:12:40,727 - hetero_decision_tree_host.py[line:47] - INFO: hetero decision tree guest init!"
"2019-08-25 01:12:40,728 - hetero_decision_tree_host.py[line:425] - INFO: load tree model"
"2019-08-25 01:12:40,729 - hetero_decision_tree_host.py[line:73] - INFO: set flowid, flowid is 0.0.0"
"2019-08-25 01:12:40,729 - hetero_decision_tree_host.py[line:79] - INFO: runtime idx is 1, sitename is host.1"
"2019-08-25 01:12:40,729 - hetero_decision_tree_host.py[line:348] - INFO: start to predict!"
"2019-08-25 01:12:40,729 - hetero_decision_tree_host.py[line:281] - INFO: get the 0-th predict finish tag from guest"
"2019-08-25 01:12:40,732 - hetero_decision_tree_host.py[line:289] - INFO: srecv predict data to host, recv times is 0"
"2019-08-25 01:12:41,437 - hetero_decision_tree_host.py[line:298] - INFO: send predicted data by host, send times is 0"
"2019-08-25 01:12:41,469 - hetero_decision_tree_host.py[line:47] - INFO: hetero decision tree guest init!"
"2019-08-25 01:12:41,470 - hetero_decision_tree_host.py[line:425] - INFO: load tree model"
"2019-08-25 01:12:41,471 - hetero_decision_tree_host.py[line:73] - INFO: set flowid, flowid is 0.0.0"
"2019-08-25 01:12:41,471 - hetero_decision_tree_host.py[line:79] - INFO: runtime idx is 0, sitename is host.0"
"2019-08-25 01:12:41,471 - hetero_decision_tree_host.py[line:348] - INFO: start to predict!"
"2019-08-25 01:12:41,471 - hetero_decision_tree_host.py[line:281] - INFO: get the 0-th predict finish tag from guest"
"2019-08-25 01:12:41,474 - hetero_decision_tree_host.py[line:289] - INFO: srecv predict data to host, recv times is 0"
"2019-08-25 01:12:41,543 - hetero_decision_tree_host.py[line:281] - INFO: get the 1-th predict finish tag from guest"
"2019-08-25 01:12:41,547 - hetero_decision_tree_host.py[line:289] - INFO: srecv predict data to host, recv times is 1"
"2019-08-25 01:12:42,125 - hetero_decision_tree_host.py[line:298] - INFO: send predicted data by host, send times is 0"
"2019-08-25 01:12:42,125 - hetero_decision_tree_host.py[line:298] - INFO: send predicted data by host, send times is 1"
"2019-08-25 01:12:42,201 - hetero_decision_tree_host.py[line:281] - INFO: get the 2-th predict finish tag from guest"
"2019-08-25 01:12:42,201 - hetero_decision_tree_host.py[line:281] - INFO: get the 1-th predict finish tag from guest"
"2019-08-25 01:12:42,203 - hetero_decision_tree_host.py[line:289] - INFO: srecv predict data to host, recv times is 2"
"2019-08-25 01:12:42,204 - hetero_decision_tree_host.py[line:289] - INFO: srecv predict data to host, recv times is 1"
"2019-08-25 01:12:42,915 - hetero_decision_tree_host.py[line:298] - INFO: send predicted data by host, send times is 1"
"2019-08-25 01:12:42,937 - hetero_decision_tree_host.py[line:298] - INFO: send predicted data by host, send times is 2"
"2019-08-25 01:12:43,009 - hetero_decision_tree_host.py[line:281] - INFO: get the 2-th predict finish tag from guest"
"2019-08-25 01:12:43,011 - hetero_decision_tree_host.py[line:289] - INFO: srecv predict data to host, recv times is 2"
"2019-08-25 01:12:43,017 - hetero_decision_tree_host.py[line:281] - INFO: get the 3-th predict finish tag from guest"
"2019-08-25 01:12:43,018 - hetero_decision_tree_host.py[line:289] - INFO: srecv predict data to host, recv times is 3"
"2019-08-25 01:12:43,558 - hetero_decision_tree_host.py[line:298] - INFO: send predicted data by host, send times is 3"
"2019-08-25 01:12:43,603 - hetero_decision_tree_host.py[line:298] - INFO: send predicted data by host, send times is 2"
"2019-08-25 01:12:43,624 - hetero_decision_tree_host.py[line:281] - INFO: get the 4-th predict finish tag from guest"
"2019-08-25 01:12:43,627 - hetero_decision_tree_host.py[line:368] - INFO: predict finish!"
"2019-08-25 01:12:43,682 - hetero_decision_tree_host.py[line:281] - INFO: get the 3-th predict finish tag from guest"
"2019-08-25 01:12:43,685 - hetero_decision_tree_host.py[line:289] - INFO: srecv predict data to host, recv times is 3"
"2019-08-25 01:12:44,304 - hetero_decision_tree_host.py[line:298] - INFO: send predicted data by host, send times is 3"
"2019-08-25 01:12:44,451 - hetero_decision_tree_host.py[line:281] - INFO: get the 4-th predict finish tag from guest"
"2019-08-25 01:12:44,452 - hetero_decision_tree_host.py[line:368] - INFO: predict finish!"
