"2019-08-24 20:10:21,670 - hetero_decision_tree_guest.py[line:51] - INFO: hetero decision tree guest init!"
"2019-08-24 20:10:22,610 - hetero_decision_tree_guest.py[line:85] - INFO: set input info"
"2019-08-24 20:10:22,611 - hetero_decision_tree_guest.py[line:128] - INFO: set valid features"
"2019-08-24 20:10:22,611 - hetero_decision_tree_guest.py[line:92] - INFO: set encrypter"
"2019-08-24 20:10:22,611 - hetero_decision_tree_guest.py[line:78] - INFO: set flowid, flowid is 0.0.0"
"2019-08-24 20:10:22,611 - hetero_decision_tree_guest.py[line:448] - INFO: begin to fit guest decision tree"
"2019-08-24 20:10:22,612 - hetero_decision_tree_guest.py[line:132] - INFO: send encrypted grad and hess to host"
"2019-08-24 20:10:22,612 - hetero_decision_tree_guest.py[line:141] - INFO: start to encrypt grad and hess"
"2019-08-24 20:10:49,156 - hetero_decision_tree_guest.py[line:152] - INFO: calculate the sum of grad and hess"
"2019-08-24 20:10:49,182 - hetero_decision_tree_guest.py[line:158] - INFO: dispatch all node to root"
"2019-08-24 20:10:49,480 - hetero_decision_tree_guest.py[line:459] - INFO: start to fit depth 0, tree node queue size is 1"
"2019-08-24 20:10:49,480 - hetero_decision_tree_guest.py[line:172] - INFO: send tree node queue of depth 0"
"2019-08-24 20:10:49,657 - hetero_decision_tree_guest.py[line:184] - INFO: send node positions of depth 0"
"2019-08-24 20:10:50,773 - hetero_decision_tree_guest.py[line:162] - INFO: start to get node histograms"
"2019-08-24 20:10:53,486 - hetero_decision_tree_guest.py[line:168] - INFO: acc histogram shape is 1"
"2019-08-24 20:10:53,659 - hetero_decision_tree_guest.py[line:233] - INFO: federated find split of depth 0, batch 0"
"2019-08-24 20:10:53,659 - hetero_decision_tree_guest.py[line:192] - INFO: get encrypted splitinfo of depth 0, batch 0"
"2019-08-24 20:10:59,088 - hetero_decision_tree_guest.py[line:237] - INFO: begin to find split"
"2019-08-24 20:10:59,423 - hetero_decision_tree_guest.py[line:244] - INFO: end to find split"
"2019-08-24 20:10:59,423 - hetero_decision_tree_guest.py[line:200] - INFO: send federated best splitinfo of depth 0, batch 0"
"2019-08-24 20:10:59,509 - hetero_decision_tree_guest.py[line:237] - INFO: begin to find split"
"2019-08-24 20:10:59,899 - hetero_decision_tree_guest.py[line:244] - INFO: end to find split"
"2019-08-24 20:10:59,899 - hetero_decision_tree_guest.py[line:200] - INFO: send federated best splitinfo of depth 0, batch 0"
"2019-08-24 20:11:00,009 - hetero_decision_tree_guest.py[line:248] - INFO: get host final splitinfo of depth 0, batch 0"
"2019-08-24 20:11:00,212 - hetero_decision_tree_guest.py[line:276] - INFO: merge splitinfo"
"2019-08-24 20:11:00,414 - hetero_decision_tree_guest.py[line:311] - INFO: update tree node, splitlist length is 1, tree node queue size is"
"2019-08-24 20:11:00,414 - hetero_decision_tree_guest.py[line:339] - INFO: tree_node_queue 0 split!!!"
"2019-08-24 20:11:00,414 - hetero_decision_tree_guest.py[line:392] - INFO: redispatch node of depth 0"
"2019-08-24 20:11:00,766 - hetero_decision_tree_guest.py[line:400] - INFO: remask dispatch node result of depth 0"
"2019-08-24 20:11:01,166 - hetero_decision_tree_guest.py[line:375] - INFO: send node to host to dispath, depth is 0"
"2019-08-24 20:11:01,251 - hetero_decision_tree_guest.py[line:383] - INFO: get host dispatch result, depth is 0"
"2019-08-24 20:11:02,416 - hetero_decision_tree_guest.py[line:459] - INFO: start to fit depth 1, tree node queue size is 2"
"2019-08-24 20:11:02,416 - hetero_decision_tree_guest.py[line:172] - INFO: send tree node queue of depth 1"
"2019-08-24 20:11:02,617 - hetero_decision_tree_guest.py[line:184] - INFO: send node positions of depth 1"
"2019-08-24 20:11:03,525 - hetero_decision_tree_guest.py[line:162] - INFO: start to get node histograms"
"2019-08-24 20:11:06,680 - hetero_decision_tree_guest.py[line:168] - INFO: acc histogram shape is 2"
"2019-08-24 20:11:06,929 - hetero_decision_tree_guest.py[line:233] - INFO: federated find split of depth 1, batch 0"
"2019-08-24 20:11:06,929 - hetero_decision_tree_guest.py[line:192] - INFO: get encrypted splitinfo of depth 1, batch 0"
"2019-08-24 20:11:12,657 - hetero_decision_tree_guest.py[line:237] - INFO: begin to find split"
"2019-08-24 20:11:13,022 - hetero_decision_tree_guest.py[line:244] - INFO: end to find split"
"2019-08-24 20:11:13,022 - hetero_decision_tree_guest.py[line:200] - INFO: send federated best splitinfo of depth 1, batch 0"
"2019-08-24 20:11:13,111 - hetero_decision_tree_guest.py[line:237] - INFO: begin to find split"
"2019-08-24 20:11:13,599 - hetero_decision_tree_guest.py[line:244] - INFO: end to find split"
"2019-08-24 20:11:13,599 - hetero_decision_tree_guest.py[line:200] - INFO: send federated best splitinfo of depth 1, batch 0"
"2019-08-24 20:11:13,686 - hetero_decision_tree_guest.py[line:248] - INFO: get host final splitinfo of depth 1, batch 0"
"2019-08-24 20:11:13,892 - hetero_decision_tree_guest.py[line:276] - INFO: merge splitinfo"
"2019-08-24 20:11:14,188 - hetero_decision_tree_guest.py[line:311] - INFO: update tree node, splitlist length is 2, tree node queue size is"
"2019-08-24 20:11:14,188 - hetero_decision_tree_guest.py[line:339] - INFO: tree_node_queue 1 split!!!"
"2019-08-24 20:11:14,189 - hetero_decision_tree_guest.py[line:339] - INFO: tree_node_queue 2 split!!!"
"2019-08-24 20:11:14,189 - hetero_decision_tree_guest.py[line:392] - INFO: redispatch node of depth 1"
"2019-08-24 20:11:14,548 - hetero_decision_tree_guest.py[line:400] - INFO: remask dispatch node result of depth 1"
"2019-08-24 20:11:15,164 - hetero_decision_tree_guest.py[line:375] - INFO: send node to host to dispath, depth is 1"
"2019-08-24 20:11:15,245 - hetero_decision_tree_guest.py[line:383] - INFO: get host dispatch result, depth is 1"
"2019-08-24 20:11:16,820 - hetero_decision_tree_guest.py[line:459] - INFO: start to fit depth 2, tree node queue size is 4"
"2019-08-24 20:11:16,820 - hetero_decision_tree_guest.py[line:172] - INFO: send tree node queue of depth 2"
"2019-08-24 20:11:17,012 - hetero_decision_tree_guest.py[line:184] - INFO: send node positions of depth 2"
"2019-08-24 20:11:17,845 - hetero_decision_tree_guest.py[line:162] - INFO: start to get node histograms"
"2019-08-24 20:11:20,821 - hetero_decision_tree_guest.py[line:168] - INFO: acc histogram shape is 4"
"2019-08-24 20:11:21,431 - hetero_decision_tree_guest.py[line:233] - INFO: federated find split of depth 2, batch 0"
"2019-08-24 20:11:21,431 - hetero_decision_tree_guest.py[line:192] - INFO: get encrypted splitinfo of depth 2, batch 0"
"2019-08-24 20:11:26,762 - hetero_decision_tree_guest.py[line:237] - INFO: begin to find split"
"2019-08-24 20:11:27,236 - hetero_decision_tree_guest.py[line:244] - INFO: end to find split"
"2019-08-24 20:11:27,237 - hetero_decision_tree_guest.py[line:200] - INFO: send federated best splitinfo of depth 2, batch 0"
"2019-08-24 20:11:27,314 - hetero_decision_tree_guest.py[line:237] - INFO: begin to find split"
"2019-08-24 20:11:27,879 - hetero_decision_tree_guest.py[line:244] - INFO: end to find split"
"2019-08-24 20:11:27,879 - hetero_decision_tree_guest.py[line:200] - INFO: send federated best splitinfo of depth 2, batch 0"
"2019-08-24 20:11:27,973 - hetero_decision_tree_guest.py[line:248] - INFO: get host final splitinfo of depth 2, batch 0"
"2019-08-24 20:11:28,178 - hetero_decision_tree_guest.py[line:276] - INFO: merge splitinfo"
"2019-08-24 20:11:28,611 - hetero_decision_tree_guest.py[line:311] - INFO: update tree node, splitlist length is 4, tree node queue size is"
"2019-08-24 20:11:28,611 - hetero_decision_tree_guest.py[line:339] - INFO: tree_node_queue 3 split!!!"
"2019-08-24 20:11:28,611 - hetero_decision_tree_guest.py[line:339] - INFO: tree_node_queue 4 split!!!"
"2019-08-24 20:11:28,612 - hetero_decision_tree_guest.py[line:339] - INFO: tree_node_queue 5 split!!!"
"2019-08-24 20:11:28,612 - hetero_decision_tree_guest.py[line:339] - INFO: tree_node_queue 6 split!!!"
"2019-08-24 20:11:28,612 - hetero_decision_tree_guest.py[line:392] - INFO: redispatch node of depth 2"
"2019-08-24 20:11:29,004 - hetero_decision_tree_guest.py[line:400] - INFO: remask dispatch node result of depth 2"
"2019-08-24 20:11:29,514 - hetero_decision_tree_guest.py[line:375] - INFO: send node to host to dispath, depth is 2"
"2019-08-24 20:11:29,547 - hetero_decision_tree_guest.py[line:383] - INFO: get host dispatch result, depth is 2"
"2019-08-24 20:11:30,829 - hetero_decision_tree_guest.py[line:459] - INFO: start to fit depth 3, tree node queue size is 8"
"2019-08-24 20:11:30,829 - hetero_decision_tree_guest.py[line:172] - INFO: send tree node queue of depth 3"
"2019-08-24 20:11:30,964 - hetero_decision_tree_guest.py[line:184] - INFO: send node positions of depth 3"
"2019-08-24 20:11:32,146 - hetero_decision_tree_guest.py[line:162] - INFO: start to get node histograms"
"2019-08-24 20:11:35,131 - hetero_decision_tree_guest.py[line:168] - INFO: acc histogram shape is 8"
"2019-08-24 20:11:35,632 - hetero_decision_tree_guest.py[line:233] - INFO: federated find split of depth 3, batch 0"
"2019-08-24 20:11:35,632 - hetero_decision_tree_guest.py[line:192] - INFO: get encrypted splitinfo of depth 3, batch 0"
"2019-08-24 20:11:41,375 - hetero_decision_tree_guest.py[line:237] - INFO: begin to find split"
"2019-08-24 20:11:42,214 - hetero_decision_tree_guest.py[line:244] - INFO: end to find split"
"2019-08-24 20:11:42,214 - hetero_decision_tree_guest.py[line:200] - INFO: send federated best splitinfo of depth 3, batch 0"
"2019-08-24 20:11:42,291 - hetero_decision_tree_guest.py[line:237] - INFO: begin to find split"
"2019-08-24 20:11:43,163 - hetero_decision_tree_guest.py[line:244] - INFO: end to find split"
"2019-08-24 20:11:43,163 - hetero_decision_tree_guest.py[line:200] - INFO: send federated best splitinfo of depth 3, batch 0"
"2019-08-24 20:11:43,268 - hetero_decision_tree_guest.py[line:248] - INFO: get host final splitinfo of depth 3, batch 0"
"2019-08-24 20:11:43,473 - hetero_decision_tree_guest.py[line:276] - INFO: merge splitinfo"
"2019-08-24 20:11:44,021 - hetero_decision_tree_guest.py[line:311] - INFO: update tree node, splitlist length is 8, tree node queue size is"
"2019-08-24 20:11:44,022 - hetero_decision_tree_guest.py[line:339] - INFO: tree_node_queue 7 split!!!"
"2019-08-24 20:11:44,022 - hetero_decision_tree_guest.py[line:339] - INFO: tree_node_queue 8 split!!!"
"2019-08-24 20:11:44,022 - hetero_decision_tree_guest.py[line:339] - INFO: tree_node_queue 9 split!!!"
"2019-08-24 20:11:44,022 - hetero_decision_tree_guest.py[line:339] - INFO: tree_node_queue 10 split!!!"
"2019-08-24 20:11:44,022 - hetero_decision_tree_guest.py[line:339] - INFO: tree_node_queue 11 split!!!"
"2019-08-24 20:11:44,023 - hetero_decision_tree_guest.py[line:339] - INFO: tree_node_queue 12 split!!!"
"2019-08-24 20:11:44,023 - hetero_decision_tree_guest.py[line:339] - INFO: tree_node_queue 13 split!!!"
"2019-08-24 20:11:44,023 - hetero_decision_tree_guest.py[line:339] - INFO: tree_node_queue 14 split!!!"
"2019-08-24 20:11:44,023 - hetero_decision_tree_guest.py[line:392] - INFO: redispatch node of depth 3"
"2019-08-24 20:11:44,373 - hetero_decision_tree_guest.py[line:400] - INFO: remask dispatch node result of depth 3"
"2019-08-24 20:11:44,906 - hetero_decision_tree_guest.py[line:375] - INFO: send node to host to dispath, depth is 3"
"2019-08-24 20:11:44,975 - hetero_decision_tree_guest.py[line:383] - INFO: get host dispatch result, depth is 3"
"2019-08-24 20:11:46,329 - hetero_decision_tree_guest.py[line:459] - INFO: start to fit depth 4, tree node queue size is 16"
"2019-08-24 20:11:46,329 - hetero_decision_tree_guest.py[line:172] - INFO: send tree node queue of depth 4"
"2019-08-24 20:11:46,459 - hetero_decision_tree_guest.py[line:184] - INFO: send node positions of depth 4"
"2019-08-24 20:11:47,929 - hetero_decision_tree_guest.py[line:162] - INFO: start to get node histograms"
"2019-08-24 20:11:50,625 - hetero_decision_tree_guest.py[line:168] - INFO: acc histogram shape is 16"
"2019-08-24 20:11:51,356 - hetero_decision_tree_guest.py[line:233] - INFO: federated find split of depth 4, batch 0"
"2019-08-24 20:11:51,356 - hetero_decision_tree_guest.py[line:192] - INFO: get encrypted splitinfo of depth 4, batch 0"
"2019-08-24 20:11:57,290 - hetero_decision_tree_guest.py[line:237] - INFO: begin to find split"
"2019-08-24 20:11:58,462 - hetero_decision_tree_guest.py[line:244] - INFO: end to find split"
"2019-08-24 20:11:58,462 - hetero_decision_tree_guest.py[line:200] - INFO: send federated best splitinfo of depth 4, batch 0"
"2019-08-24 20:11:58,561 - hetero_decision_tree_guest.py[line:237] - INFO: begin to find split"
"2019-08-24 20:11:59,735 - hetero_decision_tree_guest.py[line:244] - INFO: end to find split"
"2019-08-24 20:11:59,735 - hetero_decision_tree_guest.py[line:200] - INFO: send federated best splitinfo of depth 4, batch 0"
"2019-08-24 20:11:59,796 - hetero_decision_tree_guest.py[line:248] - INFO: get host final splitinfo of depth 4, batch 0"
"2019-08-24 20:12:00,002 - hetero_decision_tree_guest.py[line:276] - INFO: merge splitinfo"
"2019-08-24 20:12:00,716 - hetero_decision_tree_guest.py[line:311] - INFO: update tree node, splitlist length is 16, tree node queue size is"
"2019-08-24 20:12:00,716 - hetero_decision_tree_guest.py[line:392] - INFO: redispatch node of depth 4"
"2019-08-24 20:12:01,073 - hetero_decision_tree_guest.py[line:400] - INFO: remask dispatch node result of depth 4"
"2019-08-24 20:12:02,151 - hetero_decision_tree_guest.py[line:375] - INFO: send node to host to dispath, depth is 4"
"2019-08-24 20:12:02,195 - hetero_decision_tree_guest.py[line:383] - INFO: get host dispatch result, depth is 4"
"2019-08-24 20:12:02,538 - hetero_decision_tree_guest.py[line:428] - INFO: sync tree to host"
"2019-08-24 20:12:03,278 - hetero_decision_tree_guest.py[line:437] - INFO: convert tree node bins to real value"
"2019-08-24 20:12:03,278 - hetero_decision_tree_guest.py[line:502] - INFO: tree node num is 31"
"2019-08-24 20:12:03,278 - hetero_decision_tree_guest.py[line:506] - INFO: end to fit guest decision tree"
"2019-08-24 20:12:06,985 - hetero_decision_tree_guest.py[line:51] - INFO: hetero decision tree guest init!"
"2019-08-24 20:12:06,986 - hetero_decision_tree_guest.py[line:651] - INFO: load tree model"
"2019-08-24 20:12:06,987 - hetero_decision_tree_guest.py[line:78] - INFO: set flowid, flowid is 0.0.0"
"2019-08-24 20:12:06,987 - hetero_decision_tree_guest.py[line:552] - INFO: start to predict!"
"2019-08-24 20:12:08,130 - hetero_decision_tree_guest.py[line:528] - INFO: send the False-th predict finish tag 0 to host"
"2019-08-24 20:12:08,262 - hetero_decision_tree_guest.py[line:536] - INFO: send predict data to host, sending times is 0"
"2019-08-24 20:12:08,320 - hetero_decision_tree_guest.py[line:544] - INFO: get predicted data by host, recv times is 0"
"2019-08-24 20:12:10,330 - hetero_decision_tree_guest.py[line:528] - INFO: send the False-th predict finish tag 1 to host"
"2019-08-24 20:12:10,421 - hetero_decision_tree_guest.py[line:536] - INFO: send predict data to host, sending times is 1"
"2019-08-24 20:12:10,455 - hetero_decision_tree_guest.py[line:544] - INFO: get predicted data by host, recv times is 1"
"2019-08-24 20:12:13,206 - hetero_decision_tree_guest.py[line:528] - INFO: send the False-th predict finish tag 2 to host"
"2019-08-24 20:12:13,313 - hetero_decision_tree_guest.py[line:536] - INFO: send predict data to host, sending times is 2"
"2019-08-24 20:12:13,472 - hetero_decision_tree_guest.py[line:544] - INFO: get predicted data by host, recv times is 2"
"2019-08-24 20:12:15,987 - hetero_decision_tree_guest.py[line:528] - INFO: send the False-th predict finish tag 3 to host"
"2019-08-24 20:12:16,206 - hetero_decision_tree_guest.py[line:536] - INFO: send predict data to host, sending times is 3"
"2019-08-24 20:12:16,239 - hetero_decision_tree_guest.py[line:544] - INFO: get predicted data by host, recv times is 3"
"2019-08-24 20:12:19,221 - hetero_decision_tree_guest.py[line:528] - INFO: send the True-th predict finish tag 4 to host"
"2019-08-24 20:12:19,348 - hetero_decision_tree_guest.py[line:589] - INFO: predict finish!"
"2019-08-24 20:12:23,755 - hetero_decision_tree_guest.py[line:51] - INFO: hetero decision tree guest init!"
"2019-08-24 20:12:23,756 - hetero_decision_tree_guest.py[line:651] - INFO: load tree model"
"2019-08-24 20:12:23,756 - hetero_decision_tree_guest.py[line:78] - INFO: set flowid, flowid is 1.0.0"
"2019-08-24 20:12:23,757 - hetero_decision_tree_guest.py[line:552] - INFO: start to predict!"
"2019-08-24 20:12:24,912 - hetero_decision_tree_guest.py[line:528] - INFO: send the False-th predict finish tag 0 to host"
"2019-08-24 20:12:25,081 - hetero_decision_tree_guest.py[line:536] - INFO: send predict data to host, sending times is 0"
"2019-08-24 20:12:25,224 - hetero_decision_tree_guest.py[line:544] - INFO: get predicted data by host, recv times is 0"
"2019-08-24 20:12:27,172 - hetero_decision_tree_guest.py[line:528] - INFO: send the False-th predict finish tag 1 to host"
"2019-08-24 20:12:27,274 - hetero_decision_tree_guest.py[line:536] - INFO: send predict data to host, sending times is 1"
"2019-08-24 20:12:27,307 - hetero_decision_tree_guest.py[line:544] - INFO: get predicted data by host, recv times is 1"
"2019-08-24 20:12:30,131 - hetero_decision_tree_guest.py[line:528] - INFO: send the False-th predict finish tag 2 to host"
"2019-08-24 20:12:30,233 - hetero_decision_tree_guest.py[line:536] - INFO: send predict data to host, sending times is 2"
"2019-08-24 20:12:30,258 - hetero_decision_tree_guest.py[line:544] - INFO: get predicted data by host, recv times is 2"
"2019-08-24 20:12:32,894 - hetero_decision_tree_guest.py[line:528] - INFO: send the False-th predict finish tag 3 to host"
"2019-08-24 20:12:33,102 - hetero_decision_tree_guest.py[line:536] - INFO: send predict data to host, sending times is 3"
"2019-08-24 20:12:33,142 - hetero_decision_tree_guest.py[line:544] - INFO: get predicted data by host, recv times is 3"
"2019-08-24 20:12:35,649 - hetero_decision_tree_guest.py[line:528] - INFO: send the True-th predict finish tag 4 to host"
"2019-08-24 20:12:35,792 - hetero_decision_tree_guest.py[line:589] - INFO: predict finish!"
"2019-08-24 21:31:39,933 - hetero_decision_tree_guest.py[line:51] - INFO: hetero decision tree guest init!"
"2019-08-24 21:31:39,934 - hetero_decision_tree_guest.py[line:651] - INFO: load tree model"
"2019-08-24 21:31:39,935 - hetero_decision_tree_guest.py[line:78] - INFO: set flowid, flowid is 0.0.0"
"2019-08-24 21:31:39,935 - hetero_decision_tree_guest.py[line:552] - INFO: start to predict!"
"2019-08-24 21:31:40,953 - hetero_decision_tree_guest.py[line:528] - INFO: send the False-th predict finish tag 0 to host"
"2019-08-24 21:31:41,036 - hetero_decision_tree_guest.py[line:536] - INFO: send predict data to host, sending times is 0"
"2019-08-24 21:31:41,060 - hetero_decision_tree_guest.py[line:544] - INFO: get predicted data by host, recv times is 0"
"2019-08-24 21:31:42,495 - hetero_decision_tree_guest.py[line:528] - INFO: send the False-th predict finish tag 1 to host"
"2019-08-24 21:31:42,797 - hetero_decision_tree_guest.py[line:536] - INFO: send predict data to host, sending times is 1"
"2019-08-24 21:31:42,973 - hetero_decision_tree_guest.py[line:544] - INFO: get predicted data by host, recv times is 1"
"2019-08-24 21:31:46,848 - hetero_decision_tree_guest.py[line:528] - INFO: send the False-th predict finish tag 2 to host"
"2019-08-24 21:31:47,036 - hetero_decision_tree_guest.py[line:536] - INFO: send predict data to host, sending times is 2"
"2019-08-24 21:31:47,118 - hetero_decision_tree_guest.py[line:544] - INFO: get predicted data by host, recv times is 2"
"2019-08-24 21:31:49,811 - hetero_decision_tree_guest.py[line:528] - INFO: send the False-th predict finish tag 3 to host"
"2019-08-24 21:31:49,906 - hetero_decision_tree_guest.py[line:536] - INFO: send predict data to host, sending times is 3"
"2019-08-24 21:31:49,939 - hetero_decision_tree_guest.py[line:544] - INFO: get predicted data by host, recv times is 3"
"2019-08-24 21:31:51,489 - hetero_decision_tree_guest.py[line:528] - INFO: send the True-th predict finish tag 4 to host"
"2019-08-24 21:31:51,599 - hetero_decision_tree_guest.py[line:589] - INFO: predict finish!"
"2019-08-24 22:50:19,347 - hetero_decision_tree_guest.py[line:51] - INFO: hetero decision tree guest init!"
"2019-08-24 22:50:19,348 - hetero_decision_tree_guest.py[line:651] - INFO: load tree model"
"2019-08-24 22:50:19,349 - hetero_decision_tree_guest.py[line:78] - INFO: set flowid, flowid is 0.0.0"
"2019-08-24 22:50:19,349 - hetero_decision_tree_guest.py[line:552] - INFO: start to predict!"
"2019-08-24 22:50:20,380 - hetero_decision_tree_guest.py[line:528] - INFO: send the False-th predict finish tag 0 to host"
"2019-08-24 22:50:20,490 - hetero_decision_tree_guest.py[line:536] - INFO: send predict data to host, sending times is 0"
"2019-08-24 22:50:20,523 - hetero_decision_tree_guest.py[line:544] - INFO: get predicted data by host, recv times is 0"
"2019-08-24 22:50:21,897 - hetero_decision_tree_guest.py[line:528] - INFO: send the False-th predict finish tag 1 to host"
"2019-08-24 22:50:22,262 - hetero_decision_tree_guest.py[line:536] - INFO: send predict data to host, sending times is 1"
"2019-08-24 22:50:22,553 - hetero_decision_tree_guest.py[line:544] - INFO: get predicted data by host, recv times is 1"
"2019-08-24 22:50:26,043 - hetero_decision_tree_guest.py[line:528] - INFO: send the False-th predict finish tag 2 to host"
"2019-08-24 22:50:26,394 - hetero_decision_tree_guest.py[line:536] - INFO: send predict data to host, sending times is 2"
"2019-08-24 22:50:26,576 - hetero_decision_tree_guest.py[line:544] - INFO: get predicted data by host, recv times is 2"
"2019-08-24 22:50:29,149 - hetero_decision_tree_guest.py[line:528] - INFO: send the False-th predict finish tag 3 to host"
"2019-08-24 22:50:29,252 - hetero_decision_tree_guest.py[line:536] - INFO: send predict data to host, sending times is 3"
"2019-08-24 22:50:29,285 - hetero_decision_tree_guest.py[line:544] - INFO: get predicted data by host, recv times is 3"
"2019-08-24 22:50:30,845 - hetero_decision_tree_guest.py[line:528] - INFO: send the True-th predict finish tag 4 to host"
"2019-08-24 22:50:30,944 - hetero_decision_tree_guest.py[line:589] - INFO: predict finish!"
"2019-08-25 00:49:06,355 - hetero_decision_tree_guest.py[line:51] - INFO: hetero decision tree guest init!"
"2019-08-25 00:49:06,356 - hetero_decision_tree_guest.py[line:651] - INFO: load tree model"
"2019-08-25 00:49:06,357 - hetero_decision_tree_guest.py[line:78] - INFO: set flowid, flowid is 0.0.0"
"2019-08-25 00:49:06,357 - hetero_decision_tree_guest.py[line:552] - INFO: start to predict!"
"2019-08-25 00:49:07,377 - hetero_decision_tree_guest.py[line:528] - INFO: send the False-th predict finish tag 0 to host"
"2019-08-25 00:49:07,498 - hetero_decision_tree_guest.py[line:536] - INFO: send predict data to host, sending times is 0"
"2019-08-25 00:49:07,523 - hetero_decision_tree_guest.py[line:544] - INFO: get predicted data by host, recv times is 0"
"2019-08-25 00:49:08,998 - hetero_decision_tree_guest.py[line:528] - INFO: send the False-th predict finish tag 1 to host"
"2019-08-25 00:49:09,390 - hetero_decision_tree_guest.py[line:536] - INFO: send predict data to host, sending times is 1"
"2019-08-25 00:49:09,577 - hetero_decision_tree_guest.py[line:544] - INFO: get predicted data by host, recv times is 1"
"2019-08-25 00:49:13,166 - hetero_decision_tree_guest.py[line:528] - INFO: send the False-th predict finish tag 2 to host"
"2019-08-25 00:49:13,274 - hetero_decision_tree_guest.py[line:536] - INFO: send predict data to host, sending times is 2"
"2019-08-25 00:49:13,474 - hetero_decision_tree_guest.py[line:544] - INFO: get predicted data by host, recv times is 2"
"2019-08-25 00:49:16,328 - hetero_decision_tree_guest.py[line:528] - INFO: send the False-th predict finish tag 3 to host"
"2019-08-25 00:49:16,425 - hetero_decision_tree_guest.py[line:536] - INFO: send predict data to host, sending times is 3"
"2019-08-25 00:49:16,458 - hetero_decision_tree_guest.py[line:544] - INFO: get predicted data by host, recv times is 3"
"2019-08-25 00:49:18,067 - hetero_decision_tree_guest.py[line:528] - INFO: send the True-th predict finish tag 4 to host"
"2019-08-25 00:49:18,158 - hetero_decision_tree_guest.py[line:589] - INFO: predict finish!"
"2019-08-25 00:51:37,096 - hetero_decision_tree_guest.py[line:51] - INFO: hetero decision tree guest init!"
"2019-08-25 00:51:37,097 - hetero_decision_tree_guest.py[line:651] - INFO: load tree model"
"2019-08-25 00:51:37,098 - hetero_decision_tree_guest.py[line:78] - INFO: set flowid, flowid is 0.0.0"
"2019-08-25 00:51:37,098 - hetero_decision_tree_guest.py[line:552] - INFO: start to predict!"
"2019-08-25 00:51:38,209 - hetero_decision_tree_guest.py[line:528] - INFO: send the False-th predict finish tag 0 to host"
"2019-08-25 00:51:38,284 - hetero_decision_tree_guest.py[line:536] - INFO: send predict data to host, sending times is 0"
"2019-08-25 00:51:38,309 - hetero_decision_tree_guest.py[line:544] - INFO: get predicted data by host, recv times is 0"
"2019-08-25 00:51:39,510 - hetero_decision_tree_guest.py[line:528] - INFO: send the False-th predict finish tag 1 to host"
"2019-08-25 00:51:39,992 - hetero_decision_tree_guest.py[line:536] - INFO: send predict data to host, sending times is 1"
"2019-08-25 00:51:40,086 - hetero_decision_tree_guest.py[line:544] - INFO: get predicted data by host, recv times is 1"
"2019-08-25 00:51:43,367 - hetero_decision_tree_guest.py[line:528] - INFO: send the False-th predict finish tag 2 to host"
"2019-08-25 00:51:43,631 - hetero_decision_tree_guest.py[line:536] - INFO: send predict data to host, sending times is 2"
"2019-08-25 00:51:43,686 - hetero_decision_tree_guest.py[line:544] - INFO: get predicted data by host, recv times is 2"
"2019-08-25 00:51:46,442 - hetero_decision_tree_guest.py[line:528] - INFO: send the False-th predict finish tag 3 to host"
"2019-08-25 00:51:46,537 - hetero_decision_tree_guest.py[line:536] - INFO: send predict data to host, sending times is 3"
"2019-08-25 00:51:46,578 - hetero_decision_tree_guest.py[line:544] - INFO: get predicted data by host, recv times is 3"
"2019-08-25 00:51:48,294 - hetero_decision_tree_guest.py[line:528] - INFO: send the True-th predict finish tag 4 to host"
"2019-08-25 00:51:48,395 - hetero_decision_tree_guest.py[line:589] - INFO: predict finish!"
"2019-08-25 00:55:59,129 - hetero_decision_tree_guest.py[line:51] - INFO: hetero decision tree guest init!"
"2019-08-25 00:55:59,130 - hetero_decision_tree_guest.py[line:651] - INFO: load tree model"
"2019-08-25 00:55:59,131 - hetero_decision_tree_guest.py[line:78] - INFO: set flowid, flowid is 0.0.0"
"2019-08-25 00:55:59,131 - hetero_decision_tree_guest.py[line:552] - INFO: start to predict!"
"2019-08-25 00:56:00,233 - hetero_decision_tree_guest.py[line:528] - INFO: send the False-th predict finish tag 0 to host"
"2019-08-25 00:56:00,342 - hetero_decision_tree_guest.py[line:536] - INFO: send predict data to host, sending times is 0"
"2019-08-25 00:56:00,375 - hetero_decision_tree_guest.py[line:544] - INFO: get predicted data by host, recv times is 0"
"2019-08-25 00:56:01,911 - hetero_decision_tree_guest.py[line:528] - INFO: send the False-th predict finish tag 1 to host"
"2019-08-25 00:56:02,385 - hetero_decision_tree_guest.py[line:536] - INFO: send predict data to host, sending times is 1"
"2019-08-25 00:56:02,618 - hetero_decision_tree_guest.py[line:544] - INFO: get predicted data by host, recv times is 1"
"2019-08-25 00:56:05,940 - hetero_decision_tree_guest.py[line:528] - INFO: send the False-th predict finish tag 2 to host"
"2019-08-25 00:56:06,119 - hetero_decision_tree_guest.py[line:536] - INFO: send predict data to host, sending times is 2"
"2019-08-25 00:56:06,285 - hetero_decision_tree_guest.py[line:544] - INFO: get predicted data by host, recv times is 2"
"2019-08-25 00:56:08,764 - hetero_decision_tree_guest.py[line:528] - INFO: send the False-th predict finish tag 3 to host"
"2019-08-25 00:56:08,861 - hetero_decision_tree_guest.py[line:536] - INFO: send predict data to host, sending times is 3"
"2019-08-25 00:56:08,894 - hetero_decision_tree_guest.py[line:544] - INFO: get predicted data by host, recv times is 3"
"2019-08-25 00:56:10,462 - hetero_decision_tree_guest.py[line:528] - INFO: send the True-th predict finish tag 4 to host"
"2019-08-25 00:56:10,553 - hetero_decision_tree_guest.py[line:589] - INFO: predict finish!"
"2019-08-25 00:59:28,863 - hetero_decision_tree_guest.py[line:51] - INFO: hetero decision tree guest init!"
"2019-08-25 00:59:28,865 - hetero_decision_tree_guest.py[line:651] - INFO: load tree model"
"2019-08-25 00:59:28,865 - hetero_decision_tree_guest.py[line:78] - INFO: set flowid, flowid is 0.0.0"
"2019-08-25 00:59:28,866 - hetero_decision_tree_guest.py[line:552] - INFO: start to predict!"
"2019-08-25 00:59:29,889 - hetero_decision_tree_guest.py[line:528] - INFO: send the False-th predict finish tag 0 to host"
"2019-08-25 00:59:30,006 - hetero_decision_tree_guest.py[line:536] - INFO: send predict data to host, sending times is 0"
"2019-08-25 00:59:30,040 - hetero_decision_tree_guest.py[line:544] - INFO: get predicted data by host, recv times is 0"
"2019-08-25 00:59:31,434 - hetero_decision_tree_guest.py[line:528] - INFO: send the False-th predict finish tag 1 to host"
"2019-08-25 00:59:31,682 - hetero_decision_tree_guest.py[line:536] - INFO: send predict data to host, sending times is 1"
"2019-08-25 00:59:31,724 - hetero_decision_tree_guest.py[line:544] - INFO: get predicted data by host, recv times is 1"
"2019-08-25 00:59:35,329 - hetero_decision_tree_guest.py[line:528] - INFO: send the False-th predict finish tag 2 to host"
"2019-08-25 00:59:35,625 - hetero_decision_tree_guest.py[line:536] - INFO: send predict data to host, sending times is 2"
"2019-08-25 00:59:35,750 - hetero_decision_tree_guest.py[line:544] - INFO: get predicted data by host, recv times is 2"
"2019-08-25 00:59:38,325 - hetero_decision_tree_guest.py[line:528] - INFO: send the False-th predict finish tag 3 to host"
"2019-08-25 00:59:38,426 - hetero_decision_tree_guest.py[line:536] - INFO: send predict data to host, sending times is 3"
"2019-08-25 00:59:38,459 - hetero_decision_tree_guest.py[line:544] - INFO: get predicted data by host, recv times is 3"
"2019-08-25 00:59:39,961 - hetero_decision_tree_guest.py[line:528] - INFO: send the True-th predict finish tag 4 to host"
"2019-08-25 00:59:40,050 - hetero_decision_tree_guest.py[line:589] - INFO: predict finish!"
"2019-08-25 01:12:34,682 - hetero_decision_tree_guest.py[line:51] - INFO: hetero decision tree guest init!"
"2019-08-25 01:12:34,684 - hetero_decision_tree_guest.py[line:651] - INFO: load tree model"
"2019-08-25 01:12:34,684 - hetero_decision_tree_guest.py[line:78] - INFO: set flowid, flowid is 0.0.0"
"2019-08-25 01:12:34,685 - hetero_decision_tree_guest.py[line:552] - INFO: start to predict!"
"2019-08-25 01:12:35,717 - hetero_decision_tree_guest.py[line:528] - INFO: send the False-th predict finish tag 0 to host"
"2019-08-25 01:12:35,800 - hetero_decision_tree_guest.py[line:536] - INFO: send predict data to host, sending times is 0"
"2019-08-25 01:12:35,825 - hetero_decision_tree_guest.py[line:544] - INFO: get predicted data by host, recv times is 0"
"2019-08-25 01:12:36,941 - hetero_decision_tree_guest.py[line:528] - INFO: send the False-th predict finish tag 1 to host"
"2019-08-25 01:12:37,042 - hetero_decision_tree_guest.py[line:536] - INFO: send predict data to host, sending times is 1"
"2019-08-25 01:12:37,076 - hetero_decision_tree_guest.py[line:544] - INFO: get predicted data by host, recv times is 1"
"2019-08-25 01:12:40,525 - hetero_decision_tree_guest.py[line:528] - INFO: send the False-th predict finish tag 2 to host"
"2019-08-25 01:12:40,893 - hetero_decision_tree_guest.py[line:536] - INFO: send predict data to host, sending times is 2"
"2019-08-25 01:12:41,209 - hetero_decision_tree_guest.py[line:544] - INFO: get predicted data by host, recv times is 2"
"2019-08-25 01:12:43,704 - hetero_decision_tree_guest.py[line:528] - INFO: send the False-th predict finish tag 3 to host"
"2019-08-25 01:12:43,937 - hetero_decision_tree_guest.py[line:536] - INFO: send predict data to host, sending times is 3"
"2019-08-25 01:12:44,162 - hetero_decision_tree_guest.py[line:544] - INFO: get predicted data by host, recv times is 3"
"2019-08-25 01:12:45,786 - hetero_decision_tree_guest.py[line:528] - INFO: send the True-th predict finish tag 4 to host"
"2019-08-25 01:12:45,892 - hetero_decision_tree_guest.py[line:589] - INFO: predict finish!"
