"2019-08-24 20:10:10,798 - workflow.py[line:825] - DEBUG: The job id is third_task21"
"2019-08-24 20:10:10,799 - workflow.py[line:827] - DEBUG: Finish eggroll and federation init"
"2019-08-24 20:10:10,799 - workflow.py[line:778] - DEBUG: finish init pipeline"
"2019-08-24 20:10:10,799 - workflow.py[line:838] - DEBUG: In running function, enter train method"
"2019-08-24 20:10:10,799 - workflow.py[line:843] - DEBUG: Input table:input_guest_train1, input namesapce: example_data_namespace"
"2019-08-24 20:10:10,799 - workflow.py[line:753] - DEBUG: mode is fit"
"2019-08-24 20:10:13,069 - workflow.py[line:847] - DEBUG: gen_data_finish"
"2019-08-24 20:10:13,069 - workflow.py[line:850] - DEBUG: Input table:input_guest_predict1, input namesapce: example_data_namespace"
"2019-08-24 20:10:13,070 - workflow.py[line:753] - DEBUG: mode is transform"
"2019-08-24 20:10:14,920 - workflow.py[line:146] - DEBUG: Enter train function"
"2019-08-24 20:10:14,920 - workflow.py[line:147] - DEBUG: Star intersection before train"
"2019-08-24 20:10:14,920 - workflow.py[line:316] - INFO: need_intersect: false!"
"2019-08-24 20:10:14,920 - workflow.py[line:150] - DEBUG: End intersection before train"
"2019-08-24 20:10:14,920 - workflow.py[line:488] - INFO: need_sample: false!"
"2019-08-24 20:10:14,920 - workflow.py[line:402] - INFO: No need to do feature selection"
"2019-08-24 20:10:14,920 - workflow.py[line:436] - INFO: No need to do feature selection"
"2019-08-24 20:10:14,920 - workflow.py[line:716] - DEBUG: workflow param need_scale is False"
"2019-08-24 20:10:14,920 - workflow.py[line:462] - INFO: No need to do one-hot encode"
"2019-08-24 20:10:14,920 - workflow.py[line:483] - INFO: No need to do one-hot encode"
"2019-08-24 20:10:15,932 - workflow.py[line:825] - DEBUG: The job id is third_task21"
"2019-08-24 20:10:15,933 - workflow.py[line:827] - DEBUG: Finish eggroll and federation init"
"2019-08-24 20:10:15,933 - workflow.py[line:778] - DEBUG: finish init pipeline"
"2019-08-24 20:10:15,933 - workflow.py[line:838] - DEBUG: In running function, enter train method"
"2019-08-24 20:10:15,933 - workflow.py[line:843] - DEBUG: Input table:input_host0_train1, input namesapce: example_data_namespace"
"2019-08-24 20:10:15,933 - workflow.py[line:753] - DEBUG: mode is fit"
"2019-08-24 20:10:15,989 - workflow.py[line:825] - DEBUG: The job id is third_task21"
"2019-08-24 20:10:15,990 - workflow.py[line:827] - DEBUG: Finish eggroll and federation init"
"2019-08-24 20:10:15,990 - workflow.py[line:778] - DEBUG: finish init pipeline"
"2019-08-24 20:10:15,990 - workflow.py[line:838] - DEBUG: In running function, enter train method"
"2019-08-24 20:10:15,990 - workflow.py[line:843] - DEBUG: Input table:input_host1_train1, input namesapce: example_data_namespace"
"2019-08-24 20:10:15,990 - workflow.py[line:753] - DEBUG: mode is fit"
"2019-08-24 20:10:20,140 - workflow.py[line:847] - DEBUG: gen_data_finish"
"2019-08-24 20:10:20,141 - workflow.py[line:850] - DEBUG: Input table:input_host1_predict1, input namesapce: example_data_namespace"
"2019-08-24 20:10:20,141 - workflow.py[line:753] - DEBUG: mode is transform"
"2019-08-24 20:10:20,675 - workflow.py[line:847] - DEBUG: gen_data_finish"
"2019-08-24 20:10:20,676 - workflow.py[line:850] - DEBUG: Input table:input_host0_predict1, input namesapce: example_data_namespace"
"2019-08-24 20:10:20,676 - workflow.py[line:753] - DEBUG: mode is transform"
"2019-08-24 20:10:22,951 - workflow.py[line:146] - DEBUG: Enter train function"
"2019-08-24 20:10:22,951 - workflow.py[line:147] - DEBUG: Star intersection before train"
"2019-08-24 20:10:22,951 - workflow.py[line:316] - INFO: need_intersect: false!"
"2019-08-24 20:10:22,951 - workflow.py[line:150] - DEBUG: End intersection before train"
"2019-08-24 20:10:22,951 - workflow.py[line:488] - INFO: need_sample: false!"
"2019-08-24 20:10:22,951 - workflow.py[line:402] - INFO: No need to do feature selection"
"2019-08-24 20:10:22,951 - workflow.py[line:436] - INFO: No need to do feature selection"
"2019-08-24 20:10:22,951 - workflow.py[line:716] - DEBUG: workflow param need_scale is False"
"2019-08-24 20:10:22,951 - workflow.py[line:462] - INFO: No need to do one-hot encode"
"2019-08-24 20:10:22,951 - workflow.py[line:483] - INFO: No need to do one-hot encode"
"2019-08-24 20:10:24,167 - workflow.py[line:146] - DEBUG: Enter train function"
"2019-08-24 20:10:24,167 - workflow.py[line:147] - DEBUG: Star intersection before train"
"2019-08-24 20:10:24,167 - workflow.py[line:316] - INFO: need_intersect: false!"
"2019-08-24 20:10:24,167 - workflow.py[line:150] - DEBUG: End intersection before train"
"2019-08-24 20:10:24,167 - workflow.py[line:488] - INFO: need_sample: false!"
"2019-08-24 20:10:24,167 - workflow.py[line:402] - INFO: No need to do feature selection"
"2019-08-24 20:10:24,167 - workflow.py[line:436] - INFO: No need to do feature selection"
"2019-08-24 20:10:24,168 - workflow.py[line:716] - DEBUG: workflow param need_scale is False"
"2019-08-24 20:10:24,168 - workflow.py[line:462] - INFO: No need to do one-hot encode"
"2019-08-24 20:10:24,168 - workflow.py[line:483] - INFO: No need to do one-hot encode"
"2019-08-24 20:12:03,291 - workflow.py[line:670] - DEBUG: save model, model table: boostingtree_model_host0, model namespace: boostingtree_model_namespace0"
"2019-08-24 20:12:03,346 - workflow.py[line:670] - DEBUG: save model, model table: boostingtree_model_host1, model namespace: boostingtree_model_namespace1"
"2019-08-24 20:12:03,666 - workflow.py[line:171] - DEBUG: finish saving, self role: host"
"2019-08-24 20:12:03,667 - workflow.py[line:175] - DEBUG: predicting..."
"2019-08-24 20:12:03,973 - workflow.py[line:171] - DEBUG: finish saving, self role: host"
"2019-08-24 20:12:03,973 - workflow.py[line:175] - DEBUG: predicting..."
"2019-08-24 20:12:05,755 - workflow.py[line:670] - DEBUG: save model, model table: boostingtree_model_guest2, model namespace: boostingtree_model_namespace"
"2019-08-24 20:12:05,855 - workflow.py[line:171] - DEBUG: finish saving, self role: guest"
"2019-08-24 20:12:05,855 - workflow.py[line:175] - DEBUG: predicting..."
"2019-08-24 20:12:19,274 - workflow.py[line:179] - DEBUG: evaluating..."
"2019-08-24 20:12:19,274 - workflow.py[line:185] - DEBUG: Star intersection before predict"
"2019-08-24 20:12:19,275 - workflow.py[line:316] - INFO: need_intersect: false!"
"2019-08-24 20:12:19,275 - workflow.py[line:188] - DEBUG: End intersection before predict"
"2019-08-24 20:12:19,275 - workflow.py[line:716] - DEBUG: workflow param need_scale is False"
"2019-08-24 20:12:19,405 - workflow.py[line:179] - DEBUG: evaluating..."
"2019-08-24 20:12:19,405 - workflow.py[line:185] - DEBUG: Star intersection before predict"
"2019-08-24 20:12:19,405 - workflow.py[line:316] - INFO: need_intersect: false!"
"2019-08-24 20:12:19,405 - workflow.py[line:188] - DEBUG: End intersection before predict"
"2019-08-24 20:12:19,405 - workflow.py[line:716] - DEBUG: workflow param need_scale is False"
"2019-08-24 20:12:22,522 - workflow.py[line:179] - DEBUG: evaluating..."
"2019-08-24 20:12:22,762 - workflow.py[line:185] - DEBUG: Star intersection before predict"
"2019-08-24 20:12:22,762 - workflow.py[line:316] - INFO: need_intersect: false!"
"2019-08-24 20:12:22,763 - workflow.py[line:188] - DEBUG: End intersection before predict"
"2019-08-24 20:12:22,763 - workflow.py[line:716] - DEBUG: workflow param need_scale is False"
"2019-08-24 20:12:35,748 - workflow.py[line:196] - INFO: host eval_result: {'train_evaluate': None, 'validate_evaluate': None}"
"2019-08-24 20:12:35,860 - workflow.py[line:196] - INFO: host eval_result: {'train_evaluate': None, 'validate_evaluate': None}"
"2019-08-24 20:12:38,634 - workflow.py[line:196] - INFO: guest eval_result: {'train_evaluate': {'accuracy': [(0.5, 0.9123)]}, 'validate_evaluate': {'accuracy': [(0.5, 0.9123)]}}"
"2019-08-24 21:31:37,050 - workflow.py[line:825] - DEBUG: The job id is third_task21"
"2019-08-24 21:31:37,051 - workflow.py[line:827] - DEBUG: Finish eggroll and federation init"
"2019-08-24 21:31:37,051 - workflow.py[line:778] - DEBUG: finish init pipeline"
"2019-08-24 21:31:37,051 - workflow.py[line:753] - DEBUG: mode is transform"
"2019-08-24 21:31:38,985 - workflow.py[line:255] - DEBUG: Start intersection before predict"
"2019-08-24 21:31:38,985 - workflow.py[line:316] - INFO: need_intersect: false!"
"2019-08-24 21:31:38,986 - workflow.py[line:258] - DEBUG: End intersection before predict"
"2019-08-24 21:31:38,986 - workflow.py[line:436] - INFO: No need to do feature selection"
"2019-08-24 21:31:38,986 - workflow.py[line:716] - DEBUG: workflow param need_scale is False"
"2019-08-24 21:31:38,986 - workflow.py[line:483] - INFO: No need to do one-hot encode"
"2019-08-24 21:31:42,154 - workflow.py[line:825] - DEBUG: The job id is third_task21"
"2019-08-24 21:31:42,155 - workflow.py[line:827] - DEBUG: Finish eggroll and federation init"
"2019-08-24 21:31:42,155 - workflow.py[line:778] - DEBUG: finish init pipeline"
"2019-08-24 21:31:42,155 - workflow.py[line:753] - DEBUG: mode is transform"
"2019-08-24 21:31:42,184 - workflow.py[line:825] - DEBUG: The job id is third_task21"
"2019-08-24 21:31:42,187 - workflow.py[line:827] - DEBUG: Finish eggroll and federation init"
"2019-08-24 21:31:42,187 - workflow.py[line:778] - DEBUG: finish init pipeline"
"2019-08-24 21:31:42,187 - workflow.py[line:753] - DEBUG: mode is transform"
"2019-08-24 21:31:45,192 - workflow.py[line:255] - DEBUG: Start intersection before predict"
"2019-08-24 21:31:45,192 - workflow.py[line:316] - INFO: need_intersect: false!"
"2019-08-24 21:31:45,192 - workflow.py[line:258] - DEBUG: End intersection before predict"
"2019-08-24 21:31:45,192 - workflow.py[line:436] - INFO: No need to do feature selection"
"2019-08-24 21:31:45,193 - workflow.py[line:716] - DEBUG: workflow param need_scale is False"
"2019-08-24 21:31:45,193 - workflow.py[line:483] - INFO: No need to do one-hot encode"
"2019-08-24 21:31:45,745 - workflow.py[line:255] - DEBUG: Start intersection before predict"
"2019-08-24 21:31:45,745 - workflow.py[line:316] - INFO: need_intersect: false!"
"2019-08-24 21:31:45,745 - workflow.py[line:258] - DEBUG: End intersection before predict"
"2019-08-24 21:31:45,745 - workflow.py[line:436] - INFO: No need to do feature selection"
"2019-08-24 21:31:45,745 - workflow.py[line:716] - DEBUG: workflow param need_scale is False"
"2019-08-24 21:31:45,745 - workflow.py[line:483] - INFO: No need to do one-hot encode"
"2019-08-24 21:31:55,834 - workflow.py[line:273] - INFO: eval_result: {'accuracy': [(0.5, 0.9123)]}"
"2019-08-24 21:31:55,869 - workflow.py[line:280] - DEBUG: predict result: storage_type: IN_MEMORY, namespace: third_task21, name: 88eea77b-c673-11e9-b0c7-708bcd58c836, partitions: 10, in_place_computing: False"
"2019-08-24 21:31:55,869 - workflow.py[line:286] - DEBUG: predict result: ('2', (0, array([0.45101049]), '0'))"
"2019-08-24 21:31:55,869 - workflow.py[line:286] - DEBUG: predict result: ('3', (0, array([0.45101049]), '0'))"
"2019-08-24 21:31:55,870 - workflow.py[line:286] - DEBUG: predict result: ('4', (0, array([0.49887767]), '0'))"
"2019-08-24 21:31:55,870 - workflow.py[line:286] - DEBUG: predict result: ('5', (0, array([0.45101049]), '0'))"
"2019-08-24 21:31:55,870 - workflow.py[line:286] - DEBUG: predict result: ('6', (0, array([0.45101049]), '0'))"
"2019-08-24 21:31:55,870 - workflow.py[line:286] - DEBUG: predict result: ('7', (1, array([0.53276444]), '1'))"
"2019-08-24 21:31:55,870 - workflow.py[line:286] - DEBUG: predict result: ('8', (0, array([0.46422993]), '0'))"
"2019-08-24 21:31:55,870 - workflow.py[line:286] - DEBUG: predict result: ('9', (0, array([0.48885629]), '0'))"
"2019-08-24 21:31:55,870 - workflow.py[line:286] - DEBUG: predict result: ('10', (0, array([0.45101049]), '0'))"
"2019-08-24 21:31:55,870 - workflow.py[line:286] - DEBUG: predict result: ('11', (0, array([0.45101049]), '0'))"
"2019-08-24 22:50:16,379 - workflow.py[line:825] - DEBUG: The job id is third_task21"
"2019-08-24 22:50:16,380 - workflow.py[line:827] - DEBUG: Finish eggroll and federation init"
"2019-08-24 22:50:16,380 - workflow.py[line:778] - DEBUG: finish init pipeline"
"2019-08-24 22:50:16,380 - workflow.py[line:753] - DEBUG: mode is transform"
"2019-08-24 22:50:18,445 - workflow.py[line:255] - DEBUG: Start intersection before predict"
"2019-08-24 22:50:18,446 - workflow.py[line:316] - INFO: need_intersect: false!"
"2019-08-24 22:50:18,446 - workflow.py[line:258] - DEBUG: End intersection before predict"
"2019-08-24 22:50:18,446 - workflow.py[line:436] - INFO: No need to do feature selection"
"2019-08-24 22:50:18,446 - workflow.py[line:716] - DEBUG: workflow param need_scale is False"
"2019-08-24 22:50:18,446 - workflow.py[line:483] - INFO: No need to do one-hot encode"
"2019-08-24 22:50:21,509 - workflow.py[line:825] - DEBUG: The job id is third_task21"
"2019-08-24 22:50:21,510 - workflow.py[line:827] - DEBUG: Finish eggroll and federation init"
"2019-08-24 22:50:21,510 - workflow.py[line:778] - DEBUG: finish init pipeline"
"2019-08-24 22:50:21,510 - workflow.py[line:753] - DEBUG: mode is transform"
"2019-08-24 22:50:21,559 - workflow.py[line:825] - DEBUG: The job id is third_task21"
"2019-08-24 22:50:21,560 - workflow.py[line:827] - DEBUG: Finish eggroll and federation init"
"2019-08-24 22:50:21,560 - workflow.py[line:778] - DEBUG: finish init pipeline"
"2019-08-24 22:50:21,560 - workflow.py[line:753] - DEBUG: mode is transform"
"2019-08-24 22:50:24,682 - workflow.py[line:255] - DEBUG: Start intersection before predict"
"2019-08-24 22:50:24,682 - workflow.py[line:316] - INFO: need_intersect: false!"
"2019-08-24 22:50:24,682 - workflow.py[line:258] - DEBUG: End intersection before predict"
"2019-08-24 22:50:24,682 - workflow.py[line:436] - INFO: No need to do feature selection"
"2019-08-24 22:50:24,682 - workflow.py[line:716] - DEBUG: workflow param need_scale is False"
"2019-08-24 22:50:24,682 - workflow.py[line:483] - INFO: No need to do one-hot encode"
"2019-08-24 22:50:25,084 - workflow.py[line:255] - DEBUG: Start intersection before predict"
"2019-08-24 22:50:25,084 - workflow.py[line:316] - INFO: need_intersect: false!"
"2019-08-24 22:50:25,084 - workflow.py[line:258] - DEBUG: End intersection before predict"
"2019-08-24 22:50:25,084 - workflow.py[line:436] - INFO: No need to do feature selection"
"2019-08-24 22:50:25,084 - workflow.py[line:716] - DEBUG: workflow param need_scale is False"
"2019-08-24 22:50:25,084 - workflow.py[line:483] - INFO: No need to do one-hot encode"
"2019-08-24 22:50:34,993 - workflow.py[line:273] - INFO: eval_result: {'accuracy': [(0.5, 0.9123)]}"
"2019-08-24 22:50:35,060 - workflow.py[line:280] - DEBUG: predict result: storage_type: IN_MEMORY, namespace: third_task21, name: 858f5daa-c67e-11e9-b0c9-708bcd58c836, partitions: 10, in_place_computing: False"
"2019-08-24 22:50:35,061 - workflow.py[line:286] - DEBUG: predict result: ('2', (0, array([0.45101049]), '0'))"
"2019-08-24 22:50:35,061 - workflow.py[line:286] - DEBUG: predict result: ('3', (0, array([0.45101049]), '0'))"
"2019-08-24 22:50:35,061 - workflow.py[line:286] - DEBUG: predict result: ('4', (0, array([0.49887767]), '0'))"
"2019-08-24 22:50:35,061 - workflow.py[line:286] - DEBUG: predict result: ('5', (0, array([0.45101049]), '0'))"
"2019-08-24 22:50:35,061 - workflow.py[line:286] - DEBUG: predict result: ('6', (0, array([0.45101049]), '0'))"
"2019-08-24 22:50:35,062 - workflow.py[line:286] - DEBUG: predict result: ('7', (1, array([0.53276444]), '1'))"
"2019-08-24 22:50:35,062 - workflow.py[line:286] - DEBUG: predict result: ('8', (0, array([0.46422993]), '0'))"
"2019-08-24 22:50:35,062 - workflow.py[line:286] - DEBUG: predict result: ('9', (0, array([0.48885629]), '0'))"
"2019-08-24 22:50:35,062 - workflow.py[line:286] - DEBUG: predict result: ('10', (0, array([0.45101049]), '0'))"
"2019-08-24 22:50:35,062 - workflow.py[line:286] - DEBUG: predict result: ('11', (0, array([0.45101049]), '0'))"
"2019-08-25 00:49:03,302 - workflow.py[line:829] - DEBUG: The job id is third_task21"
"2019-08-25 00:49:03,303 - workflow.py[line:831] - DEBUG: Finish eggroll and federation init"
"2019-08-25 00:49:03,303 - workflow.py[line:782] - DEBUG: finish init pipeline"
"2019-08-25 00:49:03,303 - workflow.py[line:757] - DEBUG: mode is transform"
"2019-08-25 00:49:05,412 - workflow.py[line:255] - DEBUG: Start intersection before predict"
"2019-08-25 00:49:05,412 - workflow.py[line:320] - INFO: need_intersect: false!"
"2019-08-25 00:49:05,412 - workflow.py[line:258] - DEBUG: End intersection before predict"
"2019-08-25 00:49:05,412 - workflow.py[line:440] - INFO: No need to do feature selection"
"2019-08-25 00:49:05,412 - workflow.py[line:720] - DEBUG: workflow param need_scale is False"
"2019-08-25 00:49:05,412 - workflow.py[line:487] - INFO: No need to do one-hot encode"
"2019-08-25 00:49:08,349 - workflow.py[line:829] - DEBUG: The job id is third_task21"
"2019-08-25 00:49:08,350 - workflow.py[line:831] - DEBUG: Finish eggroll and federation init"
"2019-08-25 00:49:08,350 - workflow.py[line:782] - DEBUG: finish init pipeline"
"2019-08-25 00:49:08,350 - workflow.py[line:757] - DEBUG: mode is transform"
"2019-08-25 00:49:08,387 - workflow.py[line:829] - DEBUG: The job id is third_task21"
"2019-08-25 00:49:08,388 - workflow.py[line:831] - DEBUG: Finish eggroll and federation init"
"2019-08-25 00:49:08,388 - workflow.py[line:782] - DEBUG: finish init pipeline"
"2019-08-25 00:49:08,388 - workflow.py[line:757] - DEBUG: mode is transform"
"2019-08-25 00:49:11,373 - workflow.py[line:255] - DEBUG: Start intersection before predict"
"2019-08-25 00:49:11,373 - workflow.py[line:320] - INFO: need_intersect: false!"
"2019-08-25 00:49:11,373 - workflow.py[line:258] - DEBUG: End intersection before predict"
"2019-08-25 00:49:11,373 - workflow.py[line:440] - INFO: No need to do feature selection"
"2019-08-25 00:49:11,373 - workflow.py[line:720] - DEBUG: workflow param need_scale is False"
"2019-08-25 00:49:11,373 - workflow.py[line:487] - INFO: No need to do one-hot encode"
"2019-08-25 00:49:11,952 - workflow.py[line:255] - DEBUG: Start intersection before predict"
"2019-08-25 00:49:11,952 - workflow.py[line:320] - INFO: need_intersect: false!"
"2019-08-25 00:49:11,952 - workflow.py[line:258] - DEBUG: End intersection before predict"
"2019-08-25 00:49:11,953 - workflow.py[line:440] - INFO: No need to do feature selection"
"2019-08-25 00:49:11,953 - workflow.py[line:720] - DEBUG: workflow param need_scale is False"
"2019-08-25 00:49:11,953 - workflow.py[line:487] - INFO: No need to do one-hot encode"
"2019-08-25 00:49:22,299 - workflow.py[line:273] - INFO: eval_result: {'accuracy': [(0.5, 0.9123)]}"
"2019-08-25 00:51:34,353 - workflow.py[line:829] - DEBUG: The job id is third_task21"
"2019-08-25 00:51:34,354 - workflow.py[line:831] - DEBUG: Finish eggroll and federation init"
"2019-08-25 00:51:34,354 - workflow.py[line:782] - DEBUG: finish init pipeline"
"2019-08-25 00:51:34,354 - workflow.py[line:757] - DEBUG: mode is transform"
"2019-08-25 00:51:36,185 - workflow.py[line:255] - DEBUG: Start intersection before predict"
"2019-08-25 00:51:36,185 - workflow.py[line:320] - INFO: need_intersect: false!"
"2019-08-25 00:51:36,185 - workflow.py[line:258] - DEBUG: End intersection before predict"
"2019-08-25 00:51:36,185 - workflow.py[line:440] - INFO: No need to do feature selection"
"2019-08-25 00:51:36,185 - workflow.py[line:720] - DEBUG: workflow param need_scale is False"
"2019-08-25 00:51:36,186 - workflow.py[line:487] - INFO: No need to do one-hot encode"
"2019-08-25 00:51:39,487 - workflow.py[line:829] - DEBUG: The job id is third_task21"
"2019-08-25 00:51:39,488 - workflow.py[line:831] - DEBUG: Finish eggroll and federation init"
"2019-08-25 00:51:39,488 - workflow.py[line:782] - DEBUG: finish init pipeline"
"2019-08-25 00:51:39,488 - workflow.py[line:757] - DEBUG: mode is transform"
"2019-08-25 00:51:39,501 - workflow.py[line:829] - DEBUG: The job id is third_task21"
"2019-08-25 00:51:39,502 - workflow.py[line:831] - DEBUG: Finish eggroll and federation init"
"2019-08-25 00:51:39,502 - workflow.py[line:782] - DEBUG: finish init pipeline"
"2019-08-25 00:51:39,502 - workflow.py[line:757] - DEBUG: mode is transform"
"2019-08-25 00:51:42,412 - workflow.py[line:255] - DEBUG: Start intersection before predict"
"2019-08-25 00:51:42,412 - workflow.py[line:320] - INFO: need_intersect: false!"
"2019-08-25 00:51:42,413 - workflow.py[line:258] - DEBUG: End intersection before predict"
"2019-08-25 00:51:42,413 - workflow.py[line:440] - INFO: No need to do feature selection"
"2019-08-25 00:51:42,413 - workflow.py[line:720] - DEBUG: workflow param need_scale is False"
"2019-08-25 00:51:42,414 - workflow.py[line:487] - INFO: No need to do one-hot encode"
"2019-08-25 00:51:42,914 - workflow.py[line:255] - DEBUG: Start intersection before predict"
"2019-08-25 00:51:42,916 - workflow.py[line:320] - INFO: need_intersect: false!"
"2019-08-25 00:51:42,916 - workflow.py[line:258] - DEBUG: End intersection before predict"
"2019-08-25 00:51:42,916 - workflow.py[line:440] - INFO: No need to do feature selection"
"2019-08-25 00:51:42,916 - workflow.py[line:720] - DEBUG: workflow param need_scale is False"
"2019-08-25 00:51:42,916 - workflow.py[line:487] - INFO: No need to do one-hot encode"
"2019-08-25 00:51:52,472 - workflow.py[line:273] - INFO: eval_result: {'accuracy': [(0.5, 0.9123)]}"
"2019-08-25 00:55:56,206 - workflow.py[line:829] - DEBUG: The job id is third_task21"
"2019-08-25 00:55:56,207 - workflow.py[line:831] - DEBUG: Finish eggroll and federation init"
"2019-08-25 00:55:56,207 - workflow.py[line:782] - DEBUG: finish init pipeline"
"2019-08-25 00:55:56,207 - workflow.py[line:757] - DEBUG: mode is transform"
"2019-08-25 00:55:58,184 - workflow.py[line:255] - DEBUG: Start intersection before predict"
"2019-08-25 00:55:58,184 - workflow.py[line:320] - INFO: need_intersect: false!"
"2019-08-25 00:55:58,184 - workflow.py[line:258] - DEBUG: End intersection before predict"
"2019-08-25 00:55:58,184 - workflow.py[line:440] - INFO: No need to do feature selection"
"2019-08-25 00:55:58,184 - workflow.py[line:720] - DEBUG: workflow param need_scale is False"
"2019-08-25 00:55:58,184 - workflow.py[line:487] - INFO: No need to do one-hot encode"
"2019-08-25 00:56:01,372 - workflow.py[line:829] - DEBUG: The job id is third_task21"
"2019-08-25 00:56:01,373 - workflow.py[line:831] - DEBUG: Finish eggroll and federation init"
"2019-08-25 00:56:01,373 - workflow.py[line:782] - DEBUG: finish init pipeline"
"2019-08-25 00:56:01,373 - workflow.py[line:757] - DEBUG: mode is transform"
"2019-08-25 00:56:01,423 - workflow.py[line:829] - DEBUG: The job id is third_task21"
"2019-08-25 00:56:01,423 - workflow.py[line:831] - DEBUG: Finish eggroll and federation init"
"2019-08-25 00:56:01,423 - workflow.py[line:782] - DEBUG: finish init pipeline"
"2019-08-25 00:56:01,423 - workflow.py[line:757] - DEBUG: mode is transform"
"2019-08-25 00:56:04,276 - workflow.py[line:255] - DEBUG: Start intersection before predict"
"2019-08-25 00:56:04,276 - workflow.py[line:320] - INFO: need_intersect: false!"
"2019-08-25 00:56:04,277 - workflow.py[line:258] - DEBUG: End intersection before predict"
"2019-08-25 00:56:04,277 - workflow.py[line:440] - INFO: No need to do feature selection"
"2019-08-25 00:56:04,277 - workflow.py[line:720] - DEBUG: workflow param need_scale is False"
"2019-08-25 00:56:04,277 - workflow.py[line:487] - INFO: No need to do one-hot encode"
"2019-08-25 00:56:04,809 - workflow.py[line:255] - DEBUG: Start intersection before predict"
"2019-08-25 00:56:04,809 - workflow.py[line:320] - INFO: need_intersect: false!"
"2019-08-25 00:56:04,809 - workflow.py[line:258] - DEBUG: End intersection before predict"
"2019-08-25 00:56:04,809 - workflow.py[line:440] - INFO: No need to do feature selection"
"2019-08-25 00:56:04,809 - workflow.py[line:720] - DEBUG: workflow param need_scale is False"
"2019-08-25 00:56:04,809 - workflow.py[line:487] - INFO: No need to do one-hot encode"
"2019-08-25 00:56:14,371 - workflow.py[line:273] - INFO: eval_result: {'accuracy': [(0.5, 0.9123)]}"
"2019-08-25 00:56:14,418 - workflow.py[line:283] - DEBUG: predict result: storage_type: IN_MEMORY, namespace: third_task21, name: 141b76ae-c690-11e9-b0c9-708bcd58c836, partitions: 10, in_place_computing: False"
"2019-08-25 00:59:25,909 - workflow.py[line:829] - DEBUG: The job id is third_task21"
"2019-08-25 00:59:25,910 - workflow.py[line:831] - DEBUG: Finish eggroll and federation init"
"2019-08-25 00:59:25,910 - workflow.py[line:782] - DEBUG: finish init pipeline"
"2019-08-25 00:59:25,910 - workflow.py[line:757] - DEBUG: mode is transform"
"2019-08-25 00:59:27,890 - workflow.py[line:255] - DEBUG: Start intersection before predict"
"2019-08-25 00:59:27,890 - workflow.py[line:320] - INFO: need_intersect: false!"
"2019-08-25 00:59:27,890 - workflow.py[line:258] - DEBUG: End intersection before predict"
"2019-08-25 00:59:27,891 - workflow.py[line:440] - INFO: No need to do feature selection"
"2019-08-25 00:59:27,891 - workflow.py[line:720] - DEBUG: workflow param need_scale is False"
"2019-08-25 00:59:27,891 - workflow.py[line:487] - INFO: No need to do one-hot encode"
"2019-08-25 00:59:31,061 - workflow.py[line:829] - DEBUG: The job id is third_task21"
"2019-08-25 00:59:31,062 - workflow.py[line:831] - DEBUG: Finish eggroll and federation init"
"2019-08-25 00:59:31,062 - workflow.py[line:782] - DEBUG: finish init pipeline"
"2019-08-25 00:59:31,062 - workflow.py[line:757] - DEBUG: mode is transform"
"2019-08-25 00:59:31,103 - workflow.py[line:829] - DEBUG: The job id is third_task21"
"2019-08-25 00:59:31,104 - workflow.py[line:831] - DEBUG: Finish eggroll and federation init"
"2019-08-25 00:59:31,104 - workflow.py[line:782] - DEBUG: finish init pipeline"
"2019-08-25 00:59:31,104 - workflow.py[line:757] - DEBUG: mode is transform"
"2019-08-25 00:59:34,009 - workflow.py[line:255] - DEBUG: Start intersection before predict"
"2019-08-25 00:59:34,009 - workflow.py[line:320] - INFO: need_intersect: false!"
"2019-08-25 00:59:34,009 - workflow.py[line:258] - DEBUG: End intersection before predict"
"2019-08-25 00:59:34,009 - workflow.py[line:440] - INFO: No need to do feature selection"
"2019-08-25 00:59:34,009 - workflow.py[line:720] - DEBUG: workflow param need_scale is False"
"2019-08-25 00:59:34,009 - workflow.py[line:487] - INFO: No need to do one-hot encode"
"2019-08-25 00:59:34,410 - workflow.py[line:255] - DEBUG: Start intersection before predict"
"2019-08-25 00:59:34,410 - workflow.py[line:320] - INFO: need_intersect: false!"
"2019-08-25 00:59:34,410 - workflow.py[line:258] - DEBUG: End intersection before predict"
"2019-08-25 00:59:34,410 - workflow.py[line:440] - INFO: No need to do feature selection"
"2019-08-25 00:59:34,410 - workflow.py[line:720] - DEBUG: workflow param need_scale is False"
"2019-08-25 00:59:34,411 - workflow.py[line:487] - INFO: No need to do one-hot encode"
"2019-08-25 00:59:43,946 - workflow.py[line:273] - INFO: eval_result: {'accuracy': [(0.5, 0.9123)]}"
"2019-08-25 00:59:43,974 - workflow.py[line:283] - DEBUG: predict result: storage_type: IN_MEMORY, namespace: third_task21, name: 90818f14-c690-11e9-b0c9-708bcd58c836, partitions: 10, in_place_computing: False"
"2019-08-25 01:12:31,887 - workflow.py[line:830] - DEBUG: The job id is third_task21"
"2019-08-25 01:12:31,888 - workflow.py[line:832] - DEBUG: Finish eggroll and federation init"
"2019-08-25 01:12:31,888 - workflow.py[line:783] - DEBUG: finish init pipeline"
"2019-08-25 01:12:31,888 - workflow.py[line:758] - DEBUG: mode is transform"
"2019-08-25 01:12:33,747 - workflow.py[line:255] - DEBUG: Start intersection before predict"
"2019-08-25 01:12:33,747 - workflow.py[line:321] - INFO: need_intersect: false!"
"2019-08-25 01:12:33,747 - workflow.py[line:258] - DEBUG: End intersection before predict"
"2019-08-25 01:12:33,747 - workflow.py[line:441] - INFO: No need to do feature selection"
"2019-08-25 01:12:33,747 - workflow.py[line:721] - DEBUG: workflow param need_scale is False"
"2019-08-25 01:12:33,747 - workflow.py[line:488] - INFO: No need to do one-hot encode"
"2019-08-25 01:12:37,046 - workflow.py[line:830] - DEBUG: The job id is third_task21"
"2019-08-25 01:12:37,047 - workflow.py[line:832] - DEBUG: Finish eggroll and federation init"
"2019-08-25 01:12:37,047 - workflow.py[line:783] - DEBUG: finish init pipeline"
"2019-08-25 01:12:37,047 - workflow.py[line:758] - DEBUG: mode is transform"
"2019-08-25 01:12:37,061 - workflow.py[line:830] - DEBUG: The job id is third_task21"
"2019-08-25 01:12:37,061 - workflow.py[line:832] - DEBUG: Finish eggroll and federation init"
"2019-08-25 01:12:37,062 - workflow.py[line:783] - DEBUG: finish init pipeline"
"2019-08-25 01:12:37,062 - workflow.py[line:758] - DEBUG: mode is transform"
"2019-08-25 01:12:40,056 - workflow.py[line:255] - DEBUG: Start intersection before predict"
"2019-08-25 01:12:40,056 - workflow.py[line:321] - INFO: need_intersect: false!"
"2019-08-25 01:12:40,056 - workflow.py[line:258] - DEBUG: End intersection before predict"
"2019-08-25 01:12:40,056 - workflow.py[line:441] - INFO: No need to do feature selection"
"2019-08-25 01:12:40,056 - workflow.py[line:721] - DEBUG: workflow param need_scale is False"
"2019-08-25 01:12:40,056 - workflow.py[line:488] - INFO: No need to do one-hot encode"
"2019-08-25 01:12:40,746 - workflow.py[line:255] - DEBUG: Start intersection before predict"
"2019-08-25 01:12:40,746 - workflow.py[line:321] - INFO: need_intersect: false!"
"2019-08-25 01:12:40,746 - workflow.py[line:258] - DEBUG: End intersection before predict"
"2019-08-25 01:12:40,746 - workflow.py[line:441] - INFO: No need to do feature selection"
"2019-08-25 01:12:40,746 - workflow.py[line:721] - DEBUG: workflow param need_scale is False"
"2019-08-25 01:12:40,746 - workflow.py[line:488] - INFO: No need to do one-hot encode"
"2019-08-25 01:12:49,770 - workflow.py[line:273] - INFO: eval_result: {'accuracy': [(0.5, 0.9123)]}"
"2019-08-25 01:12:49,799 - workflow.py[line:283] - DEBUG: predict result: storage_type: IN_MEMORY, namespace: third_task21, name: 64d09ad4-c692-11e9-b0c9-708bcd58c836, partitions: 10, in_place_computing: False"
